2026-07-06 01:53:10,929 INFO 
[1/3] EXTRACT — получаем данные из API
2026-07-06 01:53:10,929 INFO Данные собираем для региона: americas:na1
2026-07-06 01:53:12,069 INFO   [1/3] получаем матчи для gzzJ0Gg2Nk0n...
2026-07-06 01:53:12,893 INFO   [2/3] получаем матчи для NmVs4dbmj6_l...
2026-07-06 01:53:13,689 INFO   [3/3] получаем матчи для KSO3ObPb2gOy...
2026-07-06 01:53:14,603 INFO   [1/6] загружаем матч NA1_5595216085...
2026-07-06 01:53:15,470 INFO   [2/6] загружаем матч NA1_5595190512...
2026-07-06 01:53:16,309 INFO   [3/6] загружаем матч NA1_5593932028...
2026-07-06 01:53:17,283 INFO   [4/6] загружаем матч NA1_5593894723...
2026-07-06 01:53:18,312 INFO   [5/6] загружаем матч NA1_5595457533...
2026-07-06 01:53:19,318 INFO   [6/6] загружаем матч NA1_5595439620...
2026-07-06 01:53:20,342 INFO Загружено матчей: 6
2026-07-06 01:53:20,342 INFO 
[2/3] TRANSFORM — разбиваем на таблицы
2026-07-06 01:53:20,355 INFO Игроков:    55
2026-07-06 01:53:20,355 INFO Матчей:     6
2026-07-06 01:53:20,355 INFO Участников: 60
2026-07-06 01:53:20,355 INFO 
[3/3] LOAD — сохраняем данные
2026-07-06 01:53:20,356 INFO 
  \u2192 CSV в 'lol_output_americas_na1/'
2026-07-06 01:53:20,378 INFO   players.csv      — 55 строк,путь к файлу:lol_output_americas_na1
2026-07-06 01:53:20,379 INFO   matches.csv      — 6 строк,путь к файлу:lol_output_americas_na1
2026-07-06 01:53:20,379 INFO   participants.csv — 60 строк,путь к файлу:lol_output_americas_na1
2026-07-06 01:55:20,377 INFO Данные собираем для региона: americas:br1
2026-07-06 01:55:21,698 INFO   [1/3] получаем матчи для Nw2TPmGELDoI...
2026-07-06 01:55:22,496 INFO   [2/3] получаем матчи для OjIxLeRKow2h...
2026-07-06 01:55:23,321 INFO   [3/3] получаем матчи для 6IxU99HImHOH...
2026-07-06 01:55:24,113 INFO   [1/6] загружаем матч BR1_3259297477...
2026-07-06 01:55:25,125 INFO   [2/6] загружаем матч BR1_3259131307...
2026-07-06 01:55:26,143 INFO   [3/6] загружаем матч BR1_3258860084...
2026-07-06 01:55:27,229 INFO   [4/6] загружаем матч BR1_3258844706...
2026-07-06 01:55:28,354 INFO   [5/6] загружаем матч BR1_3258973277...
2026-07-06 01:55:29,481 INFO   [6/6] загружаем матч BR1_3258901395...
2026-07-06 01:55:30,526 INFO Загружено матчей: 6
2026-07-06 01:55:30,526 INFO 
[2/3] TRANSFORM — разбиваем на таблицы
2026-07-06 01:55:30,536 INFO Игроков:    55
2026-07-06 01:55:30,536 INFO Матчей:     6
2026-07-06 01:55:30,536 INFO Участников: 60
2026-07-06 01:55:30,536 INFO 
[3/3] LOAD — сохраняем данные
2026-07-06 01:55:30,536 INFO 
  \u2192 CSV в 'lol_output_americas_br1/'
2026-07-06 01:55:30,550 INFO   players.csv      — 55 строк,путь к файлу:lol_output_americas_br1
2026-07-06 01:55:30,550 INFO   matches.csv      — 6 строк,путь к файлу:lol_output_americas_br1
2026-07-06 01:55:30,550 INFO   participants.csv — 60 строк,путь к файлу:lol_output_americas_br1
2026-07-06 01:57:30,549 INFO Данные собираем для региона: americas:la1
2026-07-06 01:57:31,902 INFO   [1/3] получаем матчи для CoOo0Ouwu0vn...
2026-07-06 01:57:32,712 INFO   [2/3] получаем матчи для dFedGtEIssJn...
2026-07-06 01:57:33,534 INFO   [3/3] получаем матчи для PTNyejrZx9EL...
2026-07-06 01:57:34,404 INFO   [1/6] загружаем матч LA1_1731261826...
2026-07-06 01:57:35,467 INFO   [2/6] загружаем матч LA1_1731251636...
2026-07-06 01:57:36,564 INFO   [3/6] загружаем матч LA1_1731185490...
2026-07-06 01:57:37,684 INFO   [4/6] загружаем матч LA1_1731186057...
2026-07-06 01:57:38,784 INFO   [5/6] загружаем матч LA1_1731192570...
2026-07-06 01:57:39,848 INFO   [6/6] загружаем матч LA1_1731137814...
2026-07-06 01:57:40,909 INFO Загружено матчей: 6
2026-07-06 01:57:40,909 INFO 
[2/3] TRANSFORM — разбиваем на таблицы
2026-07-06 01:57:40,914 INFO Игроков:    56
2026-07-06 01:57:40,914 INFO Матчей:     6
2026-07-06 01:57:40,915 INFO Участников: 60
2026-07-06 01:57:40,915 INFO 
[3/3] LOAD — сохраняем данные
2026-07-06 01:57:40,915 INFO 
  \u2192 CSV в 'lol_output_americas_la1/'
2026-07-06 01:57:40,923 INFO   players.csv      — 56 строк,путь к файлу:lol_output_americas_la1
2026-07-06 01:57:40,923 INFO   matches.csv      — 6 строк,путь к файлу:lol_output_americas_la1
2026-07-06 01:57:40,924 INFO   participants.csv — 60 строк,путь к файлу:lol_output_americas_la1
2026-07-06 01:59:40,922 INFO Данные собираем для региона: americas:la2
2026-07-06 01:59:42,302 INFO   [1/3] получаем матчи для pHq37AxcAeoW...
2026-07-06 01:59:43,075 INFO   [2/3] получаем матчи для ZX1VZbc3hG7r...
2026-07-06 01:59:44,036 INFO   [3/3] получаем матчи для QM_mPVj4UTRR...
2026-07-06 01:59:44,814 INFO   [1/6] загружаем матч LA2_1606757528...
2026-07-06 01:59:45,856 INFO   [2/6] загружаем матч LA2_1606743837...
2026-07-06 01:59:46,893 INFO   [3/6] загружаем матч LA2_1607157979...
2026-07-06 01:59:47,963 INFO   [4/6] загружаем матч LA2_1607156145...
2026-07-06 01:59:49,063 INFO   [5/6] загружаем матч LA2_1604784430...
2026-07-06 01:59:50,189 INFO   [6/6] загружаем матч LA2_1604668842...
2026-07-06 01:59:51,418 INFO Загружено матчей: 6
2026-07-06 01:59:51,418 INFO 
[2/3] TRANSFORM — разбиваем на таблицы
2026-07-06 01:59:51,428 INFO Игроков:    71
2026-07-06 01:59:51,428 INFO Матчей:     6
2026-07-06 01:59:51,428 INFO Участников: 76
2026-07-06 01:59:51,429 INFO 
[3/3] LOAD — сохраняем данные
2026-07-06 01:59:51,429 INFO 
  \u2192 CSV в 'lol_output_americas_la2/'
2026-07-06 01:59:51,443 INFO   players.csv      — 71 строк,путь к файлу:lol_output_americas_la2
2026-07-06 01:59:51,443 INFO   matches.csv      — 6 строк,путь к файлу:lol_output_americas_la2
2026-07-06 01:59:51,444 INFO   participants.csv — 76 строк,путь к файлу:lol_output_americas_la2
2026-07-06 02:01:51,442 INFO Данные собираем для региона: europe:euw1
2026-07-06 02:01:52,301 INFO   [1/3] получаем матчи для _SaWHreg98JS...
2026-07-06 02:01:52,984 INFO   [2/3] получаем матчи для UAPqgAeHaB9G...
2026-07-06 02:01:53,640 INFO   [3/3] получаем матчи для iD13AZGA5VO2...
2026-07-06 02:01:54,309 INFO   [1/6] загружаем матч EUW1_7910038322...
2026-07-06 02:01:55,015 INFO   [2/6] загружаем матч EUW1_7909998997...
2026-07-06 02:01:55,721 INFO   [3/6] загружаем матч EUW1_7903341045...
2026-07-06 02:01:56,388 INFO   [4/6] загружаем матч EUW1_7903290156...
2026-07-06 02:01:57,184 INFO   [5/6] загружаем матч EUW1_7898064872...
2026-07-06 02:01:57,985 INFO   [6/6] загружаем матч EUW1_7897980110...
2026-07-06 02:01:58,698 INFO Загружено матчей: 6
2026-07-06 02:01:58,698 INFO 
[2/3] TRANSFORM — разбиваем на таблицы
2026-07-06 02:01:58,705 INFO Игроков:    50
2026-07-06 02:01:58,706 INFO Матчей:     6
2026-07-06 02:01:58,706 INFO Участников: 60
2026-07-06 02:01:58,706 INFO 
[3/3] LOAD — сохраняем данные
2026-07-06 02:01:58,707 INFO 
  \u2192 CSV в 'lol_output_europe_euw1/'
2026-07-06 02:01:58,720 INFO   players.csv      — 50 строк,путь к файлу:lol_output_europe_euw1
2026-07-06 02:01:58,720 INFO   matches.csv      — 6 строк,путь к файлу:lol_output_europe_euw1
2026-07-06 02:01:58,720 INFO   participants.csv — 60 строк,путь к файлу:lol_output_europe_euw1
2026-07-06 02:03:58,719 INFO Данные собираем для региона: europe:eun1
2026-07-06 02:03:59,497 INFO   [1/3] получаем матчи для DFSnpD99FHKq...
2026-07-06 02:04:00,135 INFO   [2/3] получаем матчи для F4lxIMRpmr_A...
2026-07-06 02:04:00,839 INFO   [3/3] получаем матчи для USNyjKhB1IBl...
2026-07-06 02:04:01,494 INFO   [1/6] загружаем матч EUN1_3974203369...
2026-07-06 02:04:02,298 INFO   [2/6] загружаем матч EUN1_3974181309...
2026-07-06 02:04:03,030 INFO   [3/6] загружаем матч EUN1_3974266787...
2026-07-06 02:04:03,786 INFO   [4/6] загружаем матч EUN1_3974245176...
2026-07-06 02:04:04,553 INFO   [5/6] загружаем матч EUN1_3974189338...
2026-07-06 02:04:05,365 INFO   [6/6] загружаем матч EUN1_3974158775...
2026-07-06 02:04:06,099 INFO Загружено матчей: 6
2026-07-06 02:04:06,099 INFO 
[2/3] TRANSFORM — разбиваем на таблицы
2026-07-06 02:04:06,107 INFO Игроков:    52
2026-07-06 02:04:06,107 INFO Матчей:     6
2026-07-06 02:04:06,107 INFO Участников: 60
2026-07-06 02:04:06,107 INFO 
[3/3] LOAD — сохраняем данные
2026-07-06 02:04:06,108 INFO 
  \u2192 CSV в 'lol_output_europe_eun1/'
2026-07-06 02:04:06,121 INFO   players.csv      — 52 строк,путь к файлу:lol_output_europe_eun1
2026-07-06 02:04:06,121 INFO   matches.csv      — 6 строк,путь к файлу:lol_output_europe_eun1
2026-07-06 02:04:06,122 INFO   participants.csv — 60 строк,путь к файлу:lol_output_europe_eun1
2026-07-06 02:06:06,121 INFO Данные собираем для региона: europe:ru
2026-07-06 02:06:06,910 INFO   [1/3] получаем матчи для S4BJMWPsiYa1...
2026-07-06 02:06:07,543 INFO   [2/3] получаем матчи для U-8i9MUnXix1...
2026-07-06 02:06:08,184 INFO   [3/3] получаем матчи для 9BqqOlDPXHJ6...
2026-07-06 02:06:08,845 INFO   [1/6] загружаем матч RU_563882330...
2026-07-06 02:06:09,580 INFO   [2/6] загружаем матч RU_563877125...
2026-07-06 02:06:10,311 INFO   [3/6] загружаем матч RU_563862945...
2026-07-06 02:06:10,980 INFO   [4/6] загружаем матч RU_563830150...
2026-07-06 02:06:11,728 INFO   [5/6] загружаем матч RU_562836428...
2026-07-06 02:06:12,618 INFO   [6/6] загружаем матч RU_562832434...
2026-07-06 02:06:13,471 INFO Загружено матчей: 6
2026-07-06 02:06:13,472 INFO 
[2/3] TRANSFORM — разбиваем на таблицы
2026-07-06 02:06:13,480 INFO Игроков:    51
2026-07-06 02:06:13,481 INFO Матчей:     6
2026-07-06 02:06:13,481 INFO Участников: 60
2026-07-06 02:06:13,481 INFO 
[3/3] LOAD — сохраняем данные
2026-07-06 02:06:13,481 INFO 
  \u2192 CSV в 'lol_output_europe_ru/'
2026-07-06 02:06:13,503 INFO   players.csv      — 51 строк,путь к файлу:lol_output_europe_ru
2026-07-06 02:06:13,504 INFO   matches.csv      — 6 строк,путь к файлу:lol_output_europe_ru
2026-07-06 02:06:13,504 INFO   participants.csv — 60 строк,путь к файлу:lol_output_europe_ru
2026-07-06 02:08:13,503 INFO Данные собираем для региона: europe:tr1
2026-07-06 02:08:14,297 INFO   [1/3] получаем матчи для LW4MiD5YNaPh...
2026-07-06 02:08:14,943 INFO   [2/3] получаем матчи для CV_GlPGtuUhP...
2026-07-06 02:08:15,589 INFO   [3/3] получаем матчи для gKXgqta_M0I6...
2026-07-06 02:08:16,264 INFO   [1/6] загружаем матч TR1_1725145853...
2026-07-06 02:08:17,025 INFO   [2/6] загружаем матч TR1_1724988101...
2026-07-06 02:08:17,892 INFO   [3/6] загружаем матч TR1_1725259800...
2026-07-06 02:08:18,705 INFO   [4/6] загружаем матч TR1_1725247871...
2026-07-06 02:08:19,525 INFO   [5/6] загружаем матч TR1_1725260471...
2026-07-06 02:08:20,201 INFO   [6/6] загружаем матч TR1_1725247871...
2026-07-06 02:08:20,890 INFO Загружено матчей: 6
2026-07-06 02:08:20,890 INFO 
[2/3] TRANSFORM — разбиваем на таблицы
2026-07-06 02:08:20,898 INFO Игроков:    63
2026-07-06 02:08:20,898 INFO Матчей:     5
2026-07-06 02:08:20,899 INFO Участников: 76
2026-07-06 02:08:20,899 INFO 
[3/3] LOAD — сохраняем данные
2026-07-06 02:08:20,899 INFO 
  \u2192 CSV в 'lol_output_europe_tr1/'
2026-07-06 02:08:20,918 INFO   players.csv      — 63 строк,путь к файлу:lol_output_europe_tr1
2026-07-06 02:08:20,918 INFO   matches.csv      — 5 строк,путь к файлу:lol_output_europe_tr1
2026-07-06 02:08:20,918 INFO   participants.csv — 76 строк,путь к файлу:lol_output_europe_tr1
2026-07-06 02:10:20,918 INFO Данные собираем для региона: asia:kr
2026-07-06 02:10:22,727 INFO   [1/3] получаем матчи для bM88-RhHSRYR...
2026-07-06 02:10:24,156 INFO   [2/3] получаем матчи для 5AvzopaD-BKy...
2026-07-06 02:10:25,031 INFO   [3/3] получаем матчи для fvbKs6xPqmoC...
2026-07-06 02:10:25,980 INFO   [1/6] загружаем матч KR_8287379938...
2026-07-06 02:10:27,181 INFO   [2/6] загружаем матч KR_8287384069...
2026-07-06 02:10:28,395 INFO   [3/6] загружаем матч KR_8287414281...
2026-07-06 02:10:29,379 INFO   [4/6] загружаем матч KR_8287399413...
2026-07-06 02:10:30,285 INFO   [5/6] загружаем матч KR_8287114878...
2026-07-06 02:10:31,211 INFO   [6/6] загружаем матч KR_8287021948...
2026-07-06 02:10:32,438 INFO Загружено матчей: 6
2026-07-06 02:10:32,438 INFO 
[2/3] TRANSFORM — разбиваем на таблицы
2026-07-06 02:10:32,448 INFO Игроков:    71
2026-07-06 02:10:32,448 INFO Матчей:     6
2026-07-06 02:10:32,448 INFO Участников: 76
2026-07-06 02:10:32,448 INFO 
[3/3] LOAD — сохраняем данные
2026-07-06 02:10:32,449 INFO 
  \u2192 CSV в 'lol_output_asia_kr/'
2026-07-06 02:10:32,461 INFO   players.csv      — 71 строк,путь к файлу:lol_output_asia_kr
2026-07-06 02:10:32,461 INFO   matches.csv      — 6 строк,путь к файлу:lol_output_asia_kr
2026-07-06 02:10:32,461 INFO   participants.csv — 76 строк,путь к файлу:lol_output_asia_kr
2026-07-06 02:12:32,460 INFO Данные собираем для региона: asia:jp1
2026-07-06 02:12:33,855 INFO   [1/3] получаем матчи для rKVsXfcYqyK-...
2026-07-06 02:12:34,763 INFO   [2/3] получаем матчи для 4d_JoCcjuoqZ...
2026-07-06 02:12:35,719 INFO   [3/3] получаем матчи для 11ZsGfcCYd2f...
2026-07-06 02:12:36,604 INFO   [1/6] загружаем матч JP1_591445723...
2026-07-06 02:12:37,939 INFO   [2/6] загружаем матч JP1_591221074...
2026-07-06 02:12:38,880 INFO   [3/6] загружаем матч JP1_591407165...
2026-07-06 02:12:40,034 INFO   [4/6] загружаем матч JP1_591390797...
2026-07-06 02:12:41,232 INFO   [5/6] загружаем матч JP1_591437853...
2026-07-06 02:12:42,175 INFO   [6/6] загружаем матч JP1_590551384...
2026-07-06 02:12:43,109 INFO Загружено матчей: 6
2026-07-06 02:12:43,109 INFO 
[2/3] TRANSFORM — разбиваем на таблицы
2026-07-06 02:12:43,114 INFO Игроков:    56
2026-07-06 02:12:43,114 INFO Матчей:     6
2026-07-06 02:12:43,114 INFO Участников: 60
2026-07-06 02:12:43,114 INFO 
[3/3] LOAD — сохраняем данные
2026-07-06 02:12:43,115 INFO 
  \u2192 CSV в 'lol_output_asia_jp1/'
2026-07-06 02:12:43,132 INFO   players.csv      — 56 строк,путь к файлу:lol_output_asia_jp1
2026-07-06 02:12:43,133 INFO   matches.csv      — 6 строк,путь к файлу:lol_output_asia_jp1
2026-07-06 02:12:43,133 INFO   participants.csv — 60 строк,путь к файлу:lol_output_asia_jp1
2026-07-06 02:14:43,132 INFO Данные собираем для региона: sea:oc1
2026-07-06 02:14:44,435 INFO   [1/3] получаем матчи для gk6qIb4G3nWu...
2026-07-06 02:14:45,972 INFO   [2/3] получаем матчи для WK8HYjlzPq3u...
2026-07-06 02:14:46,932 INFO   [3/3] получаем матчи для _QIF6qpr2Jo8...
2026-07-06 02:14:47,915 INFO   [1/6] загружаем матч OC1_704951673...
2026-07-06 02:14:49,562 INFO   [2/6] загружаем матч OC1_704709670...
2026-07-06 02:14:50,892 INFO   [3/6] загружаем матч OC1_704962909...
2026-07-06 02:14:52,162 INFO   [4/6] загружаем матч OC1_704956335...
2026-07-06 02:14:53,353 INFO   [5/6] загружаем матч OC1_704972127...
2026-07-06 02:14:54,432 INFO   [6/6] загружаем матч OC1_704970440...
2026-07-06 02:14:55,501 INFO Загружено матчей: 6
2026-07-06 02:14:55,501 INFO 
[2/3] TRANSFORM — разбиваем на таблицы
2026-07-06 02:14:55,508 INFO Игроков:    67
2026-07-06 02:14:55,508 INFO Матчей:     6
2026-07-06 02:14:55,508 INFO Участников: 76
2026-07-06 02:14:55,508 INFO 
[3/3] LOAD — сохраняем данные
2026-07-06 02:14:55,508 INFO 
  \u2192 CSV в 'lol_output_sea_oc1/'
2026-07-06 02:14:55,518 INFO   players.csv      — 67 строк,путь к файлу:lol_output_sea_oc1
2026-07-06 02:14:55,518 INFO   matches.csv      — 6 строк,путь к файлу:lol_output_sea_oc1
2026-07-06 02:14:55,518 INFO   participants.csv — 76 строк,путь к файлу:lol_output_sea_oc1
2026-07-06 02:16:55,517 INFO Данные собираем для региона: sea:sg2
2026-07-06 02:16:57,313 INFO   [1/3] получаем матчи для P7cioAQPKfMP...
2026-07-06 02:16:58,325 INFO   [2/3] получаем матчи для WNFAZs6HmZZo...
2026-07-06 02:16:59,295 INFO   [3/3] получаем матчи для mvisXF0e1YVH...
2026-07-06 02:17:00,363 INFO   [1/6] загружаем матч SG2_162548152...
2026-07-06 02:17:01,269 INFO   [2/6] загружаем матч SG2_162543062...
2026-07-06 02:17:02,263 INFO   [3/6] загружаем матч SG2_162296709...
2026-07-06 02:17:03,599 INFO   [4/6] загружаем матч SG2_162292364...
2026-07-06 02:17:04,727 INFO   [5/6] загружаем матч SG2_162601886...
2026-07-06 02:17:05,751 INFO   [6/6] загружаем матч SG2_162589859...
2026-07-06 02:17:06,819 INFO Загружено матчей: 6
2026-07-06 02:17:06,819 INFO 
[2/3] TRANSFORM — разбиваем на таблицы
2026-07-06 02:17:06,827 INFO Игроков:    50
2026-07-06 02:17:06,828 INFO Матчей:     6
2026-07-06 02:17:06,828 INFO Участников: 60
2026-07-06 02:17:06,828 INFO 
[3/3] LOAD — сохраняем данные
2026-07-06 02:17:06,828 INFO 
  \u2192 CSV в 'lol_output_sea_sg2/'
2026-07-06 02:17:06,842 INFO   players.csv      — 50 строк,путь к файлу:lol_output_sea_sg2
2026-07-06 02:17:06,842 INFO   matches.csv      — 6 строк,путь к файлу:lol_output_sea_sg2
2026-07-06 02:17:06,842 INFO   participants.csv — 60 строк,путь к файлу:lol_output_sea_sg2
2026-07-06 02:19:06,842 INFO 
ETL завершён успешно.
