2026-07-02 02:28:42,168 INFO 
[1/3] EXTRACT — получаем данные из API
2026-07-02 02:28:42,961 INFO   [1/3] получаем матчи для i1Gy6fUlaugG...
2026-07-02 02:28:43,665 INFO   [2/3] получаем матчи для UAPqgAeHaB9G...
2026-07-02 02:28:44,311 INFO   [3/3] получаем матчи для iD13AZGA5VO2...
2026-07-02 02:28:44,965 INFO   [1/6] загружаем матч EUW1_7905170694...
2026-07-02 02:28:45,655 INFO   [2/6] загружаем матч EUW1_7905151623...
2026-07-02 02:28:46,345 INFO   [3/6] загружаем матч EUW1_7903341045...
2026-07-02 02:28:47,089 INFO   [4/6] загружаем матч EUW1_7903290156...
2026-07-02 02:28:47,832 INFO   [5/6] загружаем матч EUW1_7898064872...
2026-07-02 02:28:48,968 INFO   [6/6] загружаем матч EUW1_7897980110...
2026-07-02 02:28:50,261 INFO Загружено матчей: 6
2026-07-02 02:28:50,261 INFO 
[2/3] TRANSFORM — разбиваем на таблицы
2026-07-02 02:28:50,267 INFO Игроков:    55
2026-07-02 02:28:50,268 INFO Матчей:     6
2026-07-02 02:28:50,268 INFO Участников: 60
2026-07-02 02:28:50,268 INFO 
[3/3] LOAD — сохраняем данные
2026-07-02 02:28:50,268 INFO 
  \u2192 CSV в 'lol_output/'
2026-07-02 02:28:50,291 INFO   players.csv      — 55 строк,путь к файлу:lol_output
2026-07-02 02:28:50,291 INFO   matches.csv      — 6 строк,путь к файлу:lol_output
2026-07-02 02:28:50,292 INFO   participants.csv — 60 строк,путь к файлу:lol_output
2026-07-02 02:28:50,292 INFO 
ETL завершён успешно.
