2026-07-04 20:35:01,235 INFO 
[1/3] EXTRACT — получаем данные из API
2026-07-04 20:35:01,235 INFO Данные собираем для региона: americas:na1
2026-07-04 20:35:03,276 INFO   [1/3] получаем матчи для NmVs4dbmj6_l...
2026-07-04 20:35:04,484 INFO   [2/3] получаем матчи для KSO3ObPb2gOy...
2026-07-04 20:35:06,120 INFO   [3/3] получаем матчи для gzzJ0Gg2Nk0n...
2026-07-04 20:35:07,550 INFO   [1/6] загружаем матч NA1_5593932028...
2026-07-04 20:35:08,648 INFO   [2/6] загружаем матч NA1_5593894723...
2026-07-04 20:35:10,036 INFO   [3/6] загружаем матч NA1_5594773306...
2026-07-04 20:35:11,241 INFO   [4/6] загружаем матч NA1_5594742033...
2026-07-04 20:35:12,596 INFO   [5/6] загружаем матч NA1_5594625341...
2026-07-04 20:35:13,906 INFO   [6/6] загружаем матч NA1_5594586350...
2026-07-04 20:35:15,461 INFO Загружено матчей: 6
2026-07-04 20:35:15,461 INFO 
[2/3] TRANSFORM — разбиваем на таблицы
2026-07-04 20:35:15,473 INFO Игроков:    53
2026-07-04 20:35:15,474 INFO Матчей:     6
2026-07-04 20:35:15,474 INFO Участников: 60
2026-07-04 20:35:15,474 INFO 
[3/3] LOAD — сохраняем данные
2026-07-04 20:35:15,475 INFO 
  \u2192 CSV в 'lol_output_americas_na1/'
2026-07-04 20:35:15,495 INFO   players.csv      — 53 строк,путь к файлу:lol_output_americas_na1
2026-07-04 20:35:15,495 INFO   matches.csv      — 6 строк,путь к файлу:lol_output_americas_na1
2026-07-04 20:35:15,495 INFO   participants.csv — 60 строк,путь к файлу:lol_output_americas_na1
2026-07-04 20:37:15,496 INFO Данные собираем для региона: americas:br1
2026-07-04 20:37:16,970 INFO   [1/3] получаем матчи для Nw2TPmGELDoI...
2026-07-04 20:37:18,419 INFO   [2/3] получаем матчи для 6IxU99HImHOH...
2026-07-04 20:37:19,463 INFO   [3/3] получаем матчи для OjIxLeRKow2h...
2026-07-04 20:37:20,668 INFO   [1/6] загружаем матч BR1_3258769114...
2026-07-04 20:37:21,991 INFO   [2/6] загружаем матч BR1_3258767065...
2026-07-04 20:37:23,365 INFO   [3/6] загружаем матч BR1_3258832563...
2026-07-04 20:37:24,595 INFO   [4/6] загружаем матч BR1_3258820422...
2026-07-04 20:37:25,855 INFO   [5/6] загружаем матч BR1_3258832563...
2026-07-04 20:37:27,151 INFO   [6/6] загружаем матч BR1_3258819052...
2026-07-04 20:37:28,479 INFO Загружено матчей: 6
2026-07-04 20:37:28,479 INFO 
[2/3] TRANSFORM — разбиваем на таблицы
2026-07-04 20:37:28,488 INFO Игроков:    43
2026-07-04 20:37:28,488 INFO Матчей:     5
2026-07-04 20:37:28,488 INFO Участников: 60
2026-07-04 20:37:28,489 INFO 
[3/3] LOAD — сохраняем данные
2026-07-04 20:37:28,489 INFO 
  \u2192 CSV в 'lol_output_americas_br1/'
2026-07-04 20:37:28,504 INFO   players.csv      — 43 строк,путь к файлу:lol_output_americas_br1
2026-07-04 20:37:28,505 INFO   matches.csv      — 5 строк,путь к файлу:lol_output_americas_br1
2026-07-04 20:37:28,505 INFO   participants.csv — 60 строк,путь к файлу:lol_output_americas_br1
2026-07-04 20:39:28,505 INFO Данные собираем для региона: americas:la1
2026-07-04 20:39:30,342 INFO   [1/3] получаем матчи для CoOo0Ouwu0vn...
2026-07-04 20:39:31,735 INFO   [2/3] получаем матчи для dFedGtEIssJn...
2026-07-04 20:39:32,832 INFO   [3/3] получаем матчи для zPS1eELcsh4t...
2026-07-04 20:39:33,995 INFO   [1/6] загружаем матч LA1_1730265458...
2026-07-04 20:39:35,511 INFO   [2/6] загружаем матч LA1_1730261143...
2026-07-04 20:39:36,804 INFO   [3/6] загружаем матч LA1_1730877026...
2026-07-04 20:39:38,094 INFO   [4/6] загружаем матч LA1_1730862399...
2026-07-04 20:39:39,599 INFO   [5/6] загружаем матч LA1_1728779131...
2026-07-04 20:39:40,911 INFO   [6/6] загружаем матч LA1_1728636347...
2026-07-04 20:39:42,299 INFO Загружено матчей: 6
2026-07-04 20:39:42,300 INFO 
[2/3] TRANSFORM — разбиваем на таблицы
2026-07-04 20:39:42,308 INFO Игроков:    52
2026-07-04 20:39:42,315 INFO Матчей:     6
2026-07-04 20:39:42,315 INFO Участников: 60
2026-07-04 20:39:42,315 INFO 
[3/3] LOAD — сохраняем данные
2026-07-04 20:39:42,316 INFO 
  \u2192 CSV в 'lol_output_americas_la1/'
2026-07-04 20:39:42,330 INFO   players.csv      — 52 строк,путь к файлу:lol_output_americas_la1
2026-07-04 20:39:42,331 INFO   matches.csv      — 6 строк,путь к файлу:lol_output_americas_la1
2026-07-04 20:39:42,331 INFO   participants.csv — 60 строк,путь к файлу:lol_output_americas_la1
2026-07-04 20:41:42,332 INFO Данные собираем для региона: americas:la2
2026-07-04 20:41:44,462 INFO   [1/3] получаем матчи для pHq37AxcAeoW...
2026-07-04 20:41:45,811 INFO   [2/3] получаем матчи для ZX1VZbc3hG7r...
2026-07-04 20:41:46,909 INFO   [3/3] получаем матчи для QM_mPVj4UTRR...
2026-07-04 20:41:48,124 INFO   [1/6] загружаем матч LA2_1606757528...
2026-07-04 20:41:49,393 INFO   [2/6] загружаем матч LA2_1606743837...
2026-07-04 20:41:50,537 INFO   [3/6] загружаем матч LA2_1607058649...
2026-07-04 20:41:51,842 INFO   [4/6] загружаем матч LA2_1607053059...
2026-07-04 20:41:53,104 INFO   [5/6] загружаем матч LA2_1604784430...
2026-07-04 20:41:54,537 INFO   [6/6] загружаем матч LA2_1604668842...
2026-07-04 20:41:55,747 INFO Загружено матчей: 6
2026-07-04 20:41:55,747 INFO 
[2/3] TRANSFORM — разбиваем на таблицы
2026-07-04 20:41:55,752 INFO Игроков:    69
2026-07-04 20:41:55,752 INFO Матчей:     6
2026-07-04 20:41:55,752 INFO Участников: 76
2026-07-04 20:41:55,753 INFO 
[3/3] LOAD — сохраняем данные
2026-07-04 20:41:55,753 INFO 
  \u2192 CSV в 'lol_output_americas_la2/'
2026-07-04 20:41:55,762 INFO   players.csv      — 69 строк,путь к файлу:lol_output_americas_la2
2026-07-04 20:41:55,762 INFO   matches.csv      — 6 строк,путь к файлу:lol_output_americas_la2
2026-07-04 20:41:55,762 INFO   participants.csv — 76 строк,путь к файлу:lol_output_americas_la2
2026-07-04 20:43:55,763 INFO Данные собираем для региона: europe:euw1
2026-07-04 20:43:57,228 INFO   [1/3] получаем матчи для XXlD9Fv1Qg9G...
2026-07-04 20:43:58,271 INFO   [2/3] получаем матчи для UAPqgAeHaB9G...
2026-07-04 20:43:59,383 INFO   [3/3] получаем матчи для iD13AZGA5VO2...
2026-07-04 20:44:00,269 INFO   [1/6] загружаем матч EUW1_7908584697...
2026-07-04 20:44:01,298 INFO   [2/6] загружаем матч EUW1_7908525361...
2026-07-04 20:44:02,299 INFO   [3/6] загружаем матч EUW1_7903341045...
2026-07-04 20:44:03,243 INFO   [4/6] загружаем матч EUW1_7903290156...
2026-07-04 20:44:04,280 INFO   [5/6] загружаем матч EUW1_7898064872...
2026-07-04 20:44:05,341 INFO   [6/6] загружаем матч EUW1_7897980110...
2026-07-04 20:44:07,198 INFO Загружено матчей: 6
2026-07-04 20:44:07,199 INFO 
[2/3] TRANSFORM — разбиваем на таблицы
2026-07-04 20:44:07,203 INFO Игроков:    51
2026-07-04 20:44:07,203 INFO Матчей:     6
2026-07-04 20:44:07,203 INFO Участников: 60
2026-07-04 20:44:07,203 INFO 
[3/3] LOAD — сохраняем данные
2026-07-04 20:44:07,203 INFO 
  \u2192 CSV в 'lol_output_europe_euw1/'
2026-07-04 20:44:07,211 INFO   players.csv      — 51 строк,путь к файлу:lol_output_europe_euw1
2026-07-04 20:44:07,211 INFO   matches.csv      — 6 строк,путь к файлу:lol_output_europe_euw1
2026-07-04 20:44:07,211 INFO   participants.csv — 60 строк,путь к файлу:lol_output_europe_euw1
2026-07-04 20:46:07,212 INFO Данные собираем для региона: europe:eun1
2026-07-04 20:46:09,560 INFO   [1/3] получаем матчи для DFSnpD99FHKq...
2026-07-04 20:46:10,730 INFO   [2/3] получаем матчи для F4lxIMRpmr_A...
2026-07-04 20:46:11,956 INFO   [3/3] получаем матчи для USNyjKhB1IBl...
2026-07-04 20:46:12,926 INFO   [1/6] загружаем матч EUN1_3973549702...
2026-07-04 20:46:13,976 INFO   [2/6] загружаем матч EUN1_3973448935...
2026-07-04 20:46:14,911 INFO   [3/6] загружаем матч EUN1_3973116568...
2026-07-04 20:46:15,869 INFO   [4/6] загружаем матч EUN1_3973090564...
2026-07-04 20:46:16,922 INFO   [5/6] загружаем матч EUN1_3973651867...
2026-07-04 20:46:18,038 INFO   [6/6] загружаем матч EUN1_3973627278...
2026-07-04 20:46:19,018 INFO Загружено матчей: 6
2026-07-04 20:46:19,018 INFO 
[2/3] TRANSFORM — разбиваем на таблицы
2026-07-04 20:46:19,022 INFO Игроков:    56
2026-07-04 20:46:19,022 INFO Матчей:     6
2026-07-04 20:46:19,023 INFO Участников: 60
2026-07-04 20:46:19,023 INFO 
[3/3] LOAD — сохраняем данные
2026-07-04 20:46:19,023 INFO 
  \u2192 CSV в 'lol_output_europe_eun1/'
2026-07-04 20:46:19,031 INFO   players.csv      — 56 строк,путь к файлу:lol_output_europe_eun1
2026-07-04 20:46:19,031 INFO   matches.csv      — 6 строк,путь к файлу:lol_output_europe_eun1
2026-07-04 20:46:19,031 INFO   participants.csv — 60 строк,путь к файлу:lol_output_europe_eun1
2026-07-04 20:48:19,032 INFO Данные собираем для региона: europe:ru
2026-07-04 20:48:23,149 INFO   [1/3] получаем матчи для S4BJMWPsiYa1...
2026-07-04 20:48:24,224 INFO   [2/3] получаем матчи для U-8i9MUnXix1...
2026-07-04 20:48:25,059 INFO   [3/3] получаем матчи для 9BqqOlDPXHJ6...
2026-07-04 20:48:26,093 INFO   [1/6] загружаем матч RU_563780036...
2026-07-04 20:48:27,158 INFO   [2/6] загружаем матч RU_563759428...
2026-07-04 20:48:28,001 INFO   [3/6] загружаем матч RU_563749822...
2026-07-04 20:48:28,990 INFO   [4/6] загружаем матч RU_563749154...
2026-07-04 20:48:30,079 INFO   [5/6] загружаем матч RU_562836428...
2026-07-04 20:48:31,023 INFO   [6/6] загружаем матч RU_562832434...
2026-07-04 20:48:32,120 INFO Загружено матчей: 6
2026-07-04 20:48:32,120 INFO 
[2/3] TRANSFORM — разбиваем на таблицы
2026-07-04 20:48:32,133 INFO Игроков:    56
2026-07-04 20:48:32,133 INFO Матчей:     6
2026-07-04 20:48:32,134 INFO Участников: 60
2026-07-04 20:48:32,134 INFO 
[3/3] LOAD — сохраняем данные
2026-07-04 20:48:32,135 INFO 
  \u2192 CSV в 'lol_output_europe_ru/'
2026-07-04 20:48:32,147 INFO   players.csv      — 56 строк,путь к файлу:lol_output_europe_ru
2026-07-04 20:48:32,147 INFO   matches.csv      — 6 строк,путь к файлу:lol_output_europe_ru
2026-07-04 20:48:32,148 INFO   participants.csv — 60 строк,путь к файлу:lol_output_europe_ru
2026-07-04 20:50:32,149 INFO Данные собираем для региона: europe:tr
