2026-07-04 19:14:59,538 INFO 
[1/3] EXTRACT — получаем данные из API
2026-07-04 19:14:59,538 INFO Данные собираем для региона: americas:na1
2026-07-04 19:15:01,184 INFO   [1/3] получаем матчи для NmVs4dbmj6_l...
2026-07-04 19:15:02,487 INFO   [2/3] получаем матчи для KSO3ObPb2gOy...
2026-07-04 19:15:03,498 INFO   [3/3] получаем матчи для gzzJ0Gg2Nk0n...
2026-07-04 19:15:04,492 INFO   [1/6] загружаем матч NA1_5593932028...
2026-07-04 19:15:05,670 INFO   [2/6] загружаем матч NA1_5593894723...
2026-07-04 19:15:07,361 INFO   [3/6] загружаем матч NA1_5594773306...
2026-07-04 19:15:08,446 INFO   [4/6] загружаем матч NA1_5594742033...
2026-07-04 19:15:09,595 INFO   [5/6] загружаем матч NA1_5594625341...
2026-07-04 19:15:10,996 INFO   [6/6] загружаем матч NA1_5594586350...
2026-07-04 19:15:12,433 INFO Загружено матчей: 6
2026-07-04 19:15:12,434 INFO 
[2/3] TRANSFORM — разбиваем на таблицы
2026-07-04 19:15:12,445 INFO Игроков:    53
2026-07-04 19:15:12,445 INFO Матчей:     6
2026-07-04 19:15:12,445 INFO Участников: 60
2026-07-04 19:15:12,445 INFO 
[3/3] LOAD — сохраняем данные
2026-07-04 19:15:12,446 INFO 
  \u2192 CSV в 'lol_output_americas_na1/'
2026-07-04 19:15:12,471 INFO   players.csv      — 53 строк,путь к файлу:lol_output_americas_na1
2026-07-04 19:15:12,471 INFO   matches.csv      — 6 строк,путь к файлу:lol_output_americas_na1
2026-07-04 19:15:12,471 INFO   participants.csv — 60 строк,путь к файлу:lol_output_americas_na1
2026-07-04 19:17:12,473 INFO Данные собираем для региона: americas:br1
2026-07-04 19:17:13,971 INFO   [1/3] получаем матчи для Nw2TPmGELDoI...
2026-07-04 19:17:15,109 INFO   [2/3] получаем матчи для OjIxLeRKow2h...
2026-07-04 19:17:16,151 INFO   [3/3] получаем матчи для 6IxU99HImHOH...
2026-07-04 19:17:17,540 INFO   [1/6] загружаем матч BR1_3258769114...
2026-07-04 19:17:18,734 INFO   [2/6] загружаем матч BR1_3258767065...
2026-07-04 19:17:19,831 INFO   [3/6] загружаем матч BR1_3258819052...
2026-07-04 19:17:21,234 INFO   [4/6] загружаем матч BR1_3258810211...
2026-07-04 19:17:22,776 INFO   [5/6] загружаем матч BR1_3258820422...
2026-07-04 19:17:23,801 INFO   [6/6] загружаем матч BR1_3258806922...
2026-07-04 19:17:25,047 INFO Загружено матчей: 6
2026-07-04 19:17:25,047 INFO 
[2/3] TRANSFORM — разбиваем на таблицы
2026-07-04 19:17:25,057 INFO Игроков:    50
2026-07-04 19:17:25,057 INFO Матчей:     6
2026-07-04 19:17:25,057 INFO Участников: 60
2026-07-04 19:17:25,058 INFO 
[3/3] LOAD — сохраняем данные
2026-07-04 19:17:25,058 INFO 
  \u2192 CSV в 'lol_output_americas_br1/'
2026-07-04 19:17:25,073 INFO   players.csv      — 50 строк,путь к файлу:lol_output_americas_br1
2026-07-04 19:17:25,073 INFO   matches.csv      — 6 строк,путь к файлу:lol_output_americas_br1
2026-07-04 19:17:25,074 INFO   participants.csv — 60 строк,путь к файлу:lol_output_americas_br1
2026-07-04 19:19:25,074 INFO Данные собираем для региона: americas:la1
2026-07-04 19:19:26,626 INFO   [1/3] получаем матчи для CoOo0Ouwu0vn...
2026-07-04 19:19:27,738 INFO   [2/3] получаем матчи для dFedGtEIssJn...
2026-07-04 19:19:28,829 INFO   [3/3] получаем матчи для zPS1eELcsh4t...
2026-07-04 19:19:29,840 INFO   [1/6] загружаем матч LA1_1730265458...
2026-07-04 19:19:31,163 INFO   [2/6] загружаем матч LA1_1730261143...
2026-07-04 19:19:32,559 INFO   [3/6] загружаем матч LA1_1730877026...
2026-07-04 19:19:34,525 INFO   [4/6] загружаем матч LA1_1730862399...
2026-07-04 19:19:35,630 INFO   [5/6] загружаем матч LA1_1728779131...
2026-07-04 19:19:37,071 INFO   [6/6] загружаем матч LA1_1728636347...
2026-07-04 19:19:38,568 INFO Загружено матчей: 6
2026-07-04 19:19:38,568 INFO 
[2/3] TRANSFORM — разбиваем на таблицы
2026-07-04 19:19:38,576 INFO Игроков:    52
2026-07-04 19:19:38,577 INFO Матчей:     6
2026-07-04 19:19:38,577 INFO Участников: 60
2026-07-04 19:19:38,577 INFO 
[3/3] LOAD — сохраняем данные
2026-07-04 19:19:38,577 INFO 
  \u2192 CSV в 'lol_output_americas_la1/'
2026-07-04 19:19:38,592 INFO   players.csv      — 52 строк,путь к файлу:lol_output_americas_la1
2026-07-04 19:19:38,592 INFO   matches.csv      — 6 строк,путь к файлу:lol_output_americas_la1
2026-07-04 19:19:38,593 INFO   participants.csv — 60 строк,путь к файлу:lol_output_americas_la1
2026-07-04 19:21:38,594 INFO Данные собираем для региона: americas:la2
2026-07-04 19:21:40,023 INFO   [1/3] получаем матчи для pHq37AxcAeoW...
2026-07-04 19:21:41,406 INFO   [2/3] получаем матчи для ZX1VZbc3hG7r...
2026-07-04 19:21:42,582 INFO   [3/3] получаем матчи для QM_mPVj4UTRR...
2026-07-04 19:21:43,689 INFO   [1/6] загружаем матч LA2_1606757528...
2026-07-04 19:21:44,966 INFO   [2/6] загружаем матч LA2_1606743837...
2026-07-04 19:21:46,309 INFO   [3/6] загружаем матч LA2_1607058649...
2026-07-04 19:21:47,791 INFO   [4/6] загружаем матч LA2_1607053059...
2026-07-04 19:21:49,273 INFO   [5/6] загружаем матч LA2_1604784430...
2026-07-04 19:21:50,796 INFO   [6/6] загружаем матч LA2_1604668842...
2026-07-04 19:21:51,909 INFO Загружено матчей: 6
2026-07-04 19:21:51,910 INFO 
[2/3] TRANSFORM — разбиваем на таблицы
2026-07-04 19:21:51,914 INFO Игроков:    69
2026-07-04 19:21:51,915 INFO Матчей:     6
2026-07-04 19:21:51,915 INFO Участников: 76
2026-07-04 19:21:51,915 INFO 
[3/3] LOAD — сохраняем данные
2026-07-04 19:21:51,915 INFO 
  \u2192 CSV в 'lol_output_americas_la2/'
2026-07-04 19:21:51,923 INFO   players.csv      — 69 строк,путь к файлу:lol_output_americas_la2
2026-07-04 19:21:51,923 INFO   matches.csv      — 6 строк,путь к файлу:lol_output_americas_la2
2026-07-04 19:21:51,924 INFO   participants.csv — 76 строк,путь к файлу:lol_output_americas_la2
2026-07-04 19:23:51,925 INFO Данные собираем для региона: europe:euw1
2026-07-04 19:23:56,748 INFO   [1/3] получаем матчи для UAPqgAeHaB9G...
2026-07-04 19:23:58,382 INFO   [2/3] получаем матчи для iD13AZGA5VO2...
2026-07-04 19:23:59,866 INFO   [3/3] получаем матчи для XXlD9Fv1Qg9G...
2026-07-04 19:24:01,331 INFO   [1/6] загружаем матч EUW1_7903341045...
2026-07-04 19:24:03,158 INFO   [2/6] загружаем матч EUW1_7903290156...
2026-07-04 19:24:04,689 INFO   [3/6] загружаем матч EUW1_7898064872...
2026-07-04 19:24:06,318 INFO   [4/6] загружаем матч EUW1_7897980110...
2026-07-04 19:24:07,815 INFO   [5/6] загружаем матч EUW1_7908494660...
2026-07-04 19:24:09,342 INFO   [6/6] загружаем матч EUW1_7908464521...
2026-07-04 19:24:11,153 INFO Загружено матчей: 6
2026-07-04 19:24:11,153 INFO 
[2/3] TRANSFORM — разбиваем на таблицы
2026-07-04 19:24:11,161 INFO Игроков:    48
2026-07-04 19:24:11,162 INFO Матчей:     6
2026-07-04 19:24:11,162 INFO Участников: 60
2026-07-04 19:24:11,162 INFO 
[3/3] LOAD — сохраняем данные
2026-07-04 19:24:11,162 INFO 
  \u2192 CSV в 'lol_output_europe_euw1/'
2026-07-04 19:24:11,186 INFO   players.csv      — 48 строк,путь к файлу:lol_output_europe_euw1
2026-07-04 19:24:11,187 INFO   matches.csv      — 6 строк,путь к файлу:lol_output_europe_euw1
2026-07-04 19:24:11,187 INFO   participants.csv — 60 строк,путь к файлу:lol_output_europe_euw1
2026-07-04 19:26:11,188 INFO Данные собираем для региона: europe:eun1
2026-07-04 19:26:12,913 INFO   [1/3] получаем матчи для DFSnpD99FHKq...
2026-07-04 19:26:14,641 INFO   [2/3] получаем матчи для F4lxIMRpmr_A...
2026-07-04 19:26:16,118 INFO   [3/3] получаем матчи для mk5w5DiNX-mw...
2026-07-04 19:26:17,709 INFO   [1/6] загружаем матч EUN1_3973549702...
2026-07-04 19:26:19,313 INFO   [2/6] загружаем матч EUN1_3973448935...
2026-07-04 19:26:20,918 INFO   [3/6] загружаем матч EUN1_3973116568...
2026-07-04 19:26:22,525 INFO   [4/6] загружаем матч EUN1_3973090564...
2026-07-04 19:26:24,064 INFO   [5/6] загружаем матч EUN1_3973434953...
2026-07-04 19:26:25,597 INFO   [6/6] загружаем матч EUN1_3973430869...
2026-07-04 19:26:27,905 INFO Загружено матчей: 6
2026-07-04 19:26:27,905 INFO 
[2/3] TRANSFORM — разбиваем на таблицы
2026-07-04 19:26:27,910 INFO Игроков:    54
2026-07-04 19:26:27,910 INFO Матчей:     6
2026-07-04 19:26:27,910 INFO Участников: 60
2026-07-04 19:26:27,910 INFO 
[3/3] LOAD — сохраняем данные
2026-07-04 19:26:27,911 INFO 
  \u2192 CSV в 'lol_output_europe_eun1/'
2026-07-04 19:26:27,919 INFO   players.csv      — 54 строк,путь к файлу:lol_output_europe_eun1
2026-07-04 19:26:27,920 INFO   matches.csv      — 6 строк,путь к файлу:lol_output_europe_eun1
2026-07-04 19:26:27,920 INFO   participants.csv — 60 строк,путь к файлу:lol_output_europe_eun1
2026-07-04 19:28:27,921 INFO Данные собираем для региона: europe:ru
2026-07-04 19:28:29,675 INFO   [1/3] получаем матчи для S4BJMWPsiYa1...
2026-07-04 19:28:31,502 INFO   [2/3] получаем матчи для U-8i9MUnXix1...
2026-07-04 19:28:33,195 INFO   [3/3] получаем матчи для 9BqqOlDPXHJ6...
2026-07-04 19:28:34,651 INFO   [1/6] загружаем матч RU_563759428...
2026-07-04 19:28:36,097 INFO   [2/6] загружаем матч RU_563703241...
2026-07-04 19:28:37,716 INFO   [3/6] загружаем матч RU_563749822...
2026-07-04 19:28:39,239 INFO   [4/6] загружаем матч RU_563749154...
2026-07-04 19:28:40,761 INFO   [5/6] загружаем матч RU_562836428...
2026-07-04 19:28:42,460 INFO   [6/6] загружаем матч RU_562832434...
2026-07-04 19:28:44,096 INFO Загружено матчей: 6
2026-07-04 19:28:44,096 INFO 
[2/3] TRANSFORM — разбиваем на таблицы
2026-07-04 19:28:44,106 INFO Игроков:    56
2026-07-04 19:28:44,106 INFO Матчей:     6
2026-07-04 19:28:44,107 INFO Участников: 60
2026-07-04 19:28:44,107 INFO 
[3/3] LOAD — сохраняем данные
2026-07-04 19:28:44,107 INFO 
  \u2192 CSV в 'lol_output_europe_ru/'
2026-07-04 19:28:44,127 INFO   players.csv      — 56 строк,путь к файлу:lol_output_europe_ru
2026-07-04 19:28:44,127 INFO   matches.csv      — 6 строк,путь к файлу:lol_output_europe_ru
2026-07-04 19:28:44,128 INFO   participants.csv — 60 строк,путь к файлу:lol_output_europe_ru
2026-07-04 19:30:44,129 INFO Данные собираем для региона: europe:tr
