2026-07-04 20:51:47,137 INFO 
[1/3] EXTRACT — получаем данные из API
2026-07-04 20:51:47,137 INFO Данные собираем для региона: americas:na1
2026-07-04 20:51:50,644 INFO   [1/3] получаем матчи для NmVs4dbmj6_l...
2026-07-04 20:51:52,086 INFO   [2/3] получаем матчи для KSO3ObPb2gOy...
2026-07-04 20:51:53,317 INFO   [3/3] получаем матчи для gzzJ0Gg2Nk0n...
2026-07-04 20:51:54,549 INFO   [1/6] загружаем матч NA1_5593932028...
2026-07-04 20:51:55,726 INFO   [2/6] загружаем матч NA1_5593894723...
2026-07-04 20:51:56,998 INFO   [3/6] загружаем матч NA1_5594773306...
2026-07-04 20:51:58,235 INFO   [4/6] загружаем матч NA1_5594742033...
2026-07-04 20:51:59,466 INFO   [5/6] загружаем матч NA1_5594625341...
2026-07-04 20:52:00,672 INFO   [6/6] загружаем матч NA1_5594586350...
2026-07-04 20:52:02,088 INFO Загружено матчей: 6
2026-07-04 20:52:02,088 INFO 
[2/3] TRANSFORM — разбиваем на таблицы
2026-07-04 20:52:02,098 INFO Игроков:    53
2026-07-04 20:52:02,098 INFO Матчей:     6
2026-07-04 20:52:02,098 INFO Участников: 60
2026-07-04 20:52:02,098 INFO 
[3/3] LOAD — сохраняем данные
2026-07-04 20:52:02,099 INFO 
  \u2192 CSV в 'lol_output_americas_na1/'
2026-07-04 20:52:02,115 INFO   players.csv      — 53 строк,путь к файлу:lol_output_americas_na1
2026-07-04 20:52:02,115 INFO   matches.csv      — 6 строк,путь к файлу:lol_output_americas_na1
2026-07-04 20:52:02,115 INFO   participants.csv — 60 строк,путь к файлу:lol_output_americas_na1
2026-07-04 20:54:02,116 INFO Данные собираем для региона: americas:br1
2026-07-04 20:54:04,372 INFO   [1/3] получаем матчи для Nw2TPmGELDoI...
2026-07-04 20:54:05,628 INFO   [2/3] получаем матчи для 6IxU99HImHOH...
2026-07-04 20:54:06,682 INFO   [3/3] получаем матчи для OjIxLeRKow2h...
2026-07-04 20:54:07,683 INFO   [1/6] загружаем матч BR1_3258769114...
2026-07-04 20:54:09,011 INFO   [2/6] загружаем матч BR1_3258767065...
2026-07-04 20:54:10,336 INFO   [3/6] загружаем матч BR1_3258832563...
2026-07-04 20:54:11,489 INFO   [4/6] загружаем матч BR1_3258820422...
2026-07-04 20:54:13,122 INFO   [5/6] загружаем матч BR1_3258844706...
2026-07-04 20:54:14,423 INFO   [6/6] загружаем матч BR1_3258832563...
2026-07-04 20:54:15,653 INFO Загружено матчей: 6
2026-07-04 20:54:15,653 INFO 
[2/3] TRANSFORM — разбиваем на таблицы
2026-07-04 20:54:15,663 INFO Игроков:    44
2026-07-04 20:54:15,664 INFO Матчей:     5
2026-07-04 20:54:15,664 INFO Участников: 60
2026-07-04 20:54:15,664 INFO 
[3/3] LOAD — сохраняем данные
2026-07-04 20:54:15,664 INFO 
  \u2192 CSV в 'lol_output_americas_br1/'
2026-07-04 20:54:15,679 INFO   players.csv      — 44 строк,путь к файлу:lol_output_americas_br1
2026-07-04 20:54:15,679 INFO   matches.csv      — 5 строк,путь к файлу:lol_output_americas_br1
2026-07-04 20:54:15,679 INFO   participants.csv — 60 строк,путь к файлу:lol_output_americas_br1
2026-07-04 20:56:15,680 INFO Данные собираем для региона: americas:la1
2026-07-04 20:56:17,510 INFO   [1/3] получаем матчи для CoOo0Ouwu0vn...
2026-07-04 20:56:18,688 INFO   [2/3] получаем матчи для dFedGtEIssJn...
2026-07-04 20:56:19,757 INFO   [3/3] получаем матчи для zPS1eELcsh4t...
2026-07-04 20:56:20,790 INFO   [1/6] загружаем матч LA1_1730265458...
2026-07-04 20:56:22,107 INFO   [2/6] загружаем матч LA1_1730261143...
2026-07-04 20:56:23,274 INFO   [3/6] загружаем матч LA1_1730877026...
2026-07-04 20:56:24,442 INFO   [4/6] загружаем матч LA1_1730862399...
2026-07-04 20:56:25,802 INFO   [5/6] загружаем матч LA1_1728779131...
2026-07-04 20:56:27,341 INFO   [6/6] загружаем матч LA1_1728636347...
2026-07-04 20:56:28,539 INFO Загружено матчей: 6
2026-07-04 20:56:28,539 INFO 
[2/3] TRANSFORM — разбиваем на таблицы
2026-07-04 20:56:28,544 INFO Игроков:    52
2026-07-04 20:56:28,544 INFO Матчей:     6
2026-07-04 20:56:28,544 INFO Участников: 60
2026-07-04 20:56:28,544 INFO 
[3/3] LOAD — сохраняем данные
2026-07-04 20:56:28,544 INFO 
  \u2192 CSV в 'lol_output_americas_la1/'
2026-07-04 20:56:28,552 INFO   players.csv      — 52 строк,путь к файлу:lol_output_americas_la1
2026-07-04 20:56:28,553 INFO   matches.csv      — 6 строк,путь к файлу:lol_output_americas_la1
2026-07-04 20:56:28,553 INFO   participants.csv — 60 строк,путь к файлу:lol_output_americas_la1
2026-07-04 20:58:28,554 INFO Данные собираем для региона: americas:la2
2026-07-04 20:58:30,647 INFO   [1/3] получаем матчи для pHq37AxcAeoW...
2026-07-04 20:58:32,059 INFO   [2/3] получаем матчи для ZX1VZbc3hG7r...
2026-07-04 20:58:33,288 INFO   [3/3] получаем матчи для QM_mPVj4UTRR...
2026-07-04 20:58:34,329 INFO   [1/6] загружаем матч LA2_1606757528...
2026-07-04 20:58:35,668 INFO   [2/6] загружаем матч LA2_1606743837...
2026-07-04 20:58:37,029 INFO   [3/6] загружаем матч LA2_1607058649...
2026-07-04 20:58:38,598 INFO   [4/6] загружаем матч LA2_1607053059...
2026-07-04 20:58:39,921 INFO   [5/6] загружаем матч LA2_1604784430...
2026-07-04 20:58:41,296 INFO   [6/6] загружаем матч LA2_1604668842...
2026-07-04 20:58:42,511 INFO Загружено матчей: 6
2026-07-04 20:58:42,511 INFO 
[2/3] TRANSFORM — разбиваем на таблицы
2026-07-04 20:58:42,519 INFO Игроков:    69
2026-07-04 20:58:42,520 INFO Матчей:     6
2026-07-04 20:58:42,520 INFO Участников: 76
2026-07-04 20:58:42,520 INFO 
[3/3] LOAD — сохраняем данные
2026-07-04 20:58:42,520 INFO 
  \u2192 CSV в 'lol_output_americas_la2/'
2026-07-04 20:58:42,534 INFO   players.csv      — 69 строк,путь к файлу:lol_output_americas_la2
2026-07-04 20:58:42,534 INFO   matches.csv      — 6 строк,путь к файлу:lol_output_americas_la2
2026-07-04 20:58:42,534 INFO   participants.csv — 76 строк,путь к файлу:lol_output_americas_la2
2026-07-04 21:00:42,535 INFO Данные собираем для региона: europe:euw1
2026-07-04 21:00:43,729 INFO   [1/3] получаем матчи для UAPqgAeHaB9G...
2026-07-04 21:00:44,747 INFO   [2/3] получаем матчи для iD13AZGA5VO2...
2026-07-04 21:00:45,629 INFO   [3/3] получаем матчи для XXlD9Fv1Qg9G...
2026-07-04 21:00:46,493 INFO   [1/6] загружаем матч EUW1_7903341045...
2026-07-04 21:00:47,485 INFO   [2/6] загружаем матч EUW1_7903290156...
2026-07-04 21:00:48,459 INFO   [3/6] загружаем матч EUW1_7898064872...
2026-07-04 21:00:49,691 INFO   [4/6] загружаем матч EUW1_7897980110...
2026-07-04 21:00:51,387 INFO   [5/6] загружаем матч EUW1_7908584697...
2026-07-04 21:00:52,354 INFO   [6/6] загружаем матч EUW1_7908525361...
2026-07-04 21:00:53,377 INFO Загружено матчей: 6
2026-07-04 21:00:53,378 INFO 
[2/3] TRANSFORM — разбиваем на таблицы
2026-07-04 21:00:53,386 INFO Игроков:    51
2026-07-04 21:00:53,386 INFO Матчей:     6
2026-07-04 21:00:53,386 INFO Участников: 60
2026-07-04 21:00:53,386 INFO 
[3/3] LOAD — сохраняем данные
2026-07-04 21:00:53,387 INFO 
  \u2192 CSV в 'lol_output_europe_euw1/'
2026-07-04 21:00:53,400 INFO   players.csv      — 51 строк,путь к файлу:lol_output_europe_euw1
2026-07-04 21:00:53,400 INFO   matches.csv      — 6 строк,путь к файлу:lol_output_europe_euw1
2026-07-04 21:00:53,400 INFO   participants.csv — 60 строк,путь к файлу:lol_output_europe_euw1
2026-07-04 21:02:53,401 INFO Данные собираем для региона: europe:eun1
2026-07-04 21:02:54,622 INFO   [1/3] получаем матчи для DFSnpD99FHKq...
2026-07-04 21:02:55,612 INFO   [2/3] получаем матчи для F4lxIMRpmr_A...
2026-07-04 21:02:56,450 INFO   [3/3] получаем матчи для USNyjKhB1IBl...
2026-07-04 21:02:57,554 INFO   [1/6] загружаем матч EUN1_3973549702...
2026-07-04 21:03:00,285 INFO   [2/6] загружаем матч EUN1_3973448935...
2026-07-04 21:03:01,991 INFO   [3/6] загружаем матч EUN1_3973116568...
2026-07-04 21:03:03,987 INFO   [4/6] загружаем матч EUN1_3973090564...
2026-07-04 21:03:05,898 INFO   [5/6] загружаем матч EUN1_3973651867...
2026-07-04 21:03:07,622 INFO   [6/6] загружаем матч EUN1_3973627278...
2026-07-04 21:03:08,744 INFO Загружено матчей: 6
2026-07-04 21:03:08,744 INFO 
[2/3] TRANSFORM — разбиваем на таблицы
2026-07-04 21:03:08,747 INFO Игроков:    56
2026-07-04 21:03:08,748 INFO Матчей:     6
2026-07-04 21:03:08,748 INFO Участников: 60
2026-07-04 21:03:08,748 INFO 
[3/3] LOAD — сохраняем данные
2026-07-04 21:03:08,748 INFO 
  \u2192 CSV в 'lol_output_europe_eun1/'
2026-07-04 21:03:08,754 INFO   players.csv      — 56 строк,путь к файлу:lol_output_europe_eun1
2026-07-04 21:03:08,755 INFO   matches.csv      — 6 строк,путь к файлу:lol_output_europe_eun1
2026-07-04 21:03:08,755 INFO   participants.csv — 60 строк,путь к файлу:lol_output_europe_eun1
2026-07-04 21:05:08,755 INFO Данные собираем для региона: europe:ru
2026-07-04 21:05:10,085 INFO   [1/3] получаем матчи для S4BJMWPsiYa1...
2026-07-04 21:05:11,121 INFO   [2/3] получаем матчи для U-8i9MUnXix1...
2026-07-04 21:05:12,052 INFO   [3/3] получаем матчи для 9BqqOlDPXHJ6...
2026-07-04 21:05:13,142 INFO   [1/6] загружаем матч RU_563782743...
2026-07-04 21:05:14,140 INFO   [2/6] загружаем матч RU_563780036...
2026-07-04 21:05:15,439 INFO   [3/6] загружаем матч RU_563749822...
2026-07-04 21:05:16,512 INFO   [4/6] загружаем матч RU_563749154...
2026-07-04 21:05:17,589 INFO   [5/6] загружаем матч RU_562836428...
2026-07-04 21:05:18,714 INFO   [6/6] загружаем матч RU_562832434...
2026-07-04 21:05:19,795 INFO Загружено матчей: 6
2026-07-04 21:05:19,795 INFO 
[2/3] TRANSFORM — разбиваем на таблицы
2026-07-04 21:05:19,803 INFO Игроков:    47
2026-07-04 21:05:19,803 INFO Матчей:     6
2026-07-04 21:05:19,803 INFO Участников: 60
2026-07-04 21:05:19,803 INFO 
[3/3] LOAD — сохраняем данные
2026-07-04 21:05:19,804 INFO 
  \u2192 CSV в 'lol_output_europe_ru/'
2026-07-04 21:05:19,818 INFO   players.csv      — 47 строк,путь к файлу:lol_output_europe_ru
2026-07-04 21:05:19,819 INFO   matches.csv      — 6 строк,путь к файлу:lol_output_europe_ru
2026-07-04 21:05:19,819 INFO   participants.csv — 60 строк,путь к файлу:lol_output_europe_ru
2026-07-04 21:07:19,820 INFO Данные собираем для региона: europe:tr1
2026-07-04 21:07:21,391 INFO   [1/3] получаем матчи для LW4MiD5YNaPh...
2026-07-04 21:07:22,523 INFO   [2/3] получаем матчи для CV_GlPGtuUhP...
2026-07-04 21:07:23,374 INFO   [3/3] получаем матчи для diaN5by7DvF1...
2026-07-04 21:07:24,454 INFO   [1/6] загружаем матч TR1_1724886096...
2026-07-04 21:07:25,739 INFO   [2/6] загружаем матч TR1_1724864898...
2026-07-04 21:07:26,703 INFO   [3/6] загружаем матч TR1_1724845950...
2026-07-04 21:07:27,693 INFO   [4/6] загружаем матч TR1_1724836747...
2026-07-04 21:07:28,678 INFO   [5/6] загружаем матч TR1_1724765101...
2026-07-04 21:07:29,707 INFO   [6/6] загружаем матч TR1_1724758925...
2026-07-04 21:07:30,697 INFO Загружено матчей: 6
2026-07-04 21:07:30,697 INFO 
[2/3] TRANSFORM — разбиваем на таблицы
2026-07-04 21:07:30,701 INFO Игроков:    61
2026-07-04 21:07:30,701 INFO Матчей:     6
2026-07-04 21:07:30,702 INFO Участников: 68
2026-07-04 21:07:30,702 INFO 
[3/3] LOAD — сохраняем данные
2026-07-04 21:07:30,702 INFO 
  \u2192 CSV в 'lol_output_europe_tr1/'
2026-07-04 21:07:30,710 INFO   players.csv      — 61 строк,путь к файлу:lol_output_europe_tr1
2026-07-04 21:07:30,710 INFO   matches.csv      — 6 строк,путь к файлу:lol_output_europe_tr1
2026-07-04 21:07:30,710 INFO   participants.csv — 68 строк,путь к файлу:lol_output_europe_tr1
2026-07-04 21:09:30,711 INFO Данные собираем для региона: asia:kr
2026-07-04 21:09:32,915 INFO   [1/3] получаем матчи для bM88-RhHSRYR...
2026-07-04 21:09:35,778 INFO   [2/3] получаем матчи для 5AvzopaD-BKy...
2026-07-04 21:09:38,514 INFO   [3/3] получаем матчи для zBl_VVcqLVns...
2026-07-04 21:09:40,010 INFO   [1/6] загружаем матч KR_8285521961...
2026-07-04 21:09:41,825 INFO   [2/6] загружаем матч KR_8285481241...
2026-07-04 21:09:42,980 INFO   [3/6] загружаем матч KR_8279728828...
2026-07-04 21:09:44,312 INFO   [4/6] загружаем матч KR_8279707399...
2026-07-04 21:09:45,708 INFO   [5/6] загружаем матч KR_8285711833...
2026-07-04 21:09:47,178 INFO   [6/6] загружаем матч KR_8285644662...
2026-07-04 21:09:48,772 INFO Загружено матчей: 6
2026-07-04 21:09:48,773 INFO 
[2/3] TRANSFORM — разбиваем на таблицы
2026-07-04 21:09:48,781 INFO Игроков:    66
2026-07-04 21:09:48,781 INFO Матчей:     6
2026-07-04 21:09:48,782 INFO Участников: 76
2026-07-04 21:09:48,782 INFO 
[3/3] LOAD — сохраняем данные
2026-07-04 21:09:48,783 INFO 
  \u2192 CSV в 'lol_output_asia_kr/'
2026-07-04 21:09:48,794 INFO   players.csv      — 66 строк,путь к файлу:lol_output_asia_kr
2026-07-04 21:09:48,794 INFO   matches.csv      — 6 строк,путь к файлу:lol_output_asia_kr
2026-07-04 21:09:48,794 INFO   participants.csv — 76 строк,путь к файлу:lol_output_asia_kr
2026-07-04 21:11:48,795 INFO Данные собираем для региона: asia:jp1
2026-07-04 21:11:50,812 INFO   [1/3] получаем матчи для rKVsXfcYqyK-...
2026-07-04 21:11:52,283 INFO   [2/3] получаем матчи для 11ZsGfcCYd2f...
2026-07-04 21:11:53,901 INFO   [3/3] получаем матчи для 4WXspNMFY11-...
2026-07-04 21:11:54,971 INFO   [1/6] загружаем матч JP1_591221074...
2026-07-04 21:11:56,137 INFO   [2/6] загружаем матч JP1_591186221...
2026-07-04 21:11:57,829 INFO   [3/6] загружаем матч JP1_590551384...
2026-07-04 21:11:59,308 INFO   [4/6] загружаем матч JP1_590546583...
2026-07-04 21:12:01,556 INFO   [5/6] загружаем матч JP1_591229584...
2026-07-04 21:12:02,763 INFO   [6/6] загружаем матч JP1_591212434...
2026-07-04 21:12:03,992 INFO Загружено матчей: 6
2026-07-04 21:12:03,992 INFO 
[2/3] TRANSFORM — разбиваем на таблицы
2026-07-04 21:12:03,999 INFO Игроков:    49
2026-07-04 21:12:04,000 INFO Матчей:     6
2026-07-04 21:12:04,000 INFO Участников: 60
2026-07-04 21:12:04,000 INFO 
[3/3] LOAD — сохраняем данные
2026-07-04 21:12:04,000 INFO 
  \u2192 CSV в 'lol_output_asia_jp1/'
2026-07-04 21:12:04,014 INFO   players.csv      — 49 строк,путь к файлу:lol_output_asia_jp1
2026-07-04 21:12:04,015 INFO   matches.csv      — 6 строк,путь к файлу:lol_output_asia_jp1
2026-07-04 21:12:04,015 INFO   participants.csv — 60 строк,путь к файлу:lol_output_asia_jp1
2026-07-04 21:14:04,016 INFO Данные собираем для региона: sea:oc1
2026-07-04 21:14:05,634 INFO   [1/3] получаем матчи для gk6qIb4G3nWu...
2026-07-04 21:14:07,012 INFO   [2/3] получаем матчи для WK8HYjlzPq3u...
2026-07-04 21:14:08,973 INFO   [3/3] получаем матчи для QzM48J8pPidU...
2026-07-04 21:14:10,751 INFO   [1/6] загружаем матч OC1_704709670...
2026-07-04 21:14:12,979 INFO   [2/6] загружаем матч OC1_704675964...
2026-07-04 21:14:14,654 INFO   [3/6] загружаем матч OC1_704758780...
2026-07-04 21:14:16,631 INFO   [4/6] загружаем матч OC1_704752918...
2026-07-04 21:14:18,567 INFO   [5/6] загружаем матч OC1_704754364...
2026-07-04 21:14:20,027 INFO   [6/6] загружаем матч OC1_704748574...
2026-07-04 21:14:21,737 INFO Загружено матчей: 6
2026-07-04 21:14:21,737 INFO 
[2/3] TRANSFORM — разбиваем на таблицы
2026-07-04 21:14:21,746 INFO Игроков:    66
2026-07-04 21:14:21,747 INFO Матчей:     6
2026-07-04 21:14:21,747 INFO Участников: 76
2026-07-04 21:14:21,747 INFO 
[3/3] LOAD — сохраняем данные
2026-07-04 21:14:21,747 INFO 
  \u2192 CSV в 'lol_output_sea_oc1/'
2026-07-04 21:14:21,760 INFO   players.csv      — 66 строк,путь к файлу:lol_output_sea_oc1
2026-07-04 21:14:21,760 INFO   matches.csv      — 6 строк,путь к файлу:lol_output_sea_oc1
2026-07-04 21:14:21,760 INFO   participants.csv — 76 строк,путь к файлу:lol_output_sea_oc1
2026-07-04 21:16:21,761 INFO Данные собираем для региона: sea:sg2
2026-07-04 21:16:25,030 INFO   [1/3] получаем матчи для P7cioAQPKfMP...
2026-07-04 21:16:27,169 INFO   [2/3] получаем матчи для WNFAZs6HmZZo...
2026-07-04 21:16:28,376 INFO   [3/3] получаем матчи для mvisXF0e1YVH...
2026-07-04 21:16:29,617 INFO   [1/6] загружаем матч SG2_162297976...
2026-07-04 21:16:31,165 INFO   [2/6] загружаем матч SG2_162285405...
2026-07-04 21:16:32,899 INFO   [3/6] загружаем матч SG2_162296709...
2026-07-04 21:16:34,229 INFO   [4/6] загружаем матч SG2_162292364...
2026-07-04 21:16:35,751 INFO   [5/6] загружаем матч SG2_162428021...
2026-07-04 21:16:37,229 INFO   [6/6] загружаем матч SG2_162417907...
2026-07-04 21:16:38,845 INFO Загружено матчей: 6
2026-07-04 21:16:38,845 INFO 
[2/3] TRANSFORM — разбиваем на таблицы
2026-07-04 21:16:38,853 INFO Игроков:    60
2026-07-04 21:16:38,853 INFO Матчей:     6
2026-07-04 21:16:38,853 INFO Участников: 68
2026-07-04 21:16:38,853 INFO 
[3/3] LOAD — сохраняем данные
2026-07-04 21:16:38,854 INFO 
  \u2192 CSV в 'lol_output_sea_sg2/'
2026-07-04 21:16:38,867 INFO   players.csv      — 60 строк,путь к файлу:lol_output_sea_sg2
2026-07-04 21:16:38,868 INFO   matches.csv      — 6 строк,путь к файлу:lol_output_sea_sg2
2026-07-04 21:16:38,868 INFO   participants.csv — 68 строк,путь к файлу:lol_output_sea_sg2
2026-07-04 21:18:38,869 INFO 
ETL завершён успешно.
