2026-07-06 01:16:55,244 INFO 
[1/3] EXTRACT — получаем данные из API
2026-07-06 01:16:55,244 INFO Данные собираем для региона: americas:na1
2026-07-06 01:16:56,649 INFO   [1/3] получаем матчи для gzzJ0Gg2Nk0n...
2026-07-06 01:16:57,876 INFO   [2/3] получаем матчи для NmVs4dbmj6_l...
2026-07-06 01:16:58,666 INFO   [3/3] получаем матчи для KSO3ObPb2gOy...
2026-07-06 01:16:59,426 INFO   [1/6] загружаем матч NA1_5595216085...
2026-07-06 01:17:00,401 INFO   [2/6] загружаем матч NA1_5595190512...
2026-07-06 01:17:01,205 INFO   [3/6] загружаем матч NA1_5593932028...
2026-07-06 01:17:01,998 INFO   [4/6] загружаем матч NA1_5593894723...
2026-07-06 01:17:02,749 INFO   [5/6] загружаем матч NA1_5595457533...
2026-07-06 01:17:03,539 INFO   [6/6] загружаем матч NA1_5595439620...
2026-07-06 01:17:04,329 INFO Загружено матчей: 6
2026-07-06 01:17:04,329 INFO 
[2/3] TRANSFORM — разбиваем на таблицы
2026-07-06 01:17:04,333 INFO Игроков:    55
2026-07-06 01:17:04,333 INFO Матчей:     6
2026-07-06 01:17:04,333 INFO Участников: 60
2026-07-06 01:17:04,333 INFO 
[3/3] LOAD — сохраняем данные
2026-07-06 01:17:04,333 INFO 
  \u2192 CSV в 'lol_output_americas_na1/'
2026-07-06 01:17:04,341 INFO   players.csv      — 55 строк,путь к файлу:lol_output_americas_na1
2026-07-06 01:17:04,341 INFO   matches.csv      — 6 строк,путь к файлу:lol_output_americas_na1
2026-07-06 01:17:04,341 INFO   participants.csv — 60 строк,путь к файлу:lol_output_americas_na1
2026-07-06 01:19:04,337 INFO Данные собираем для региона: americas:br1
2026-07-06 01:19:05,794 INFO   [1/3] получаем матчи для Nw2TPmGELDoI...
2026-07-06 01:19:06,556 INFO   [2/3] получаем матчи для OjIxLeRKow2h...
2026-07-06 01:19:07,300 INFO   [3/3] получаем матчи для 6IxU99HImHOH...
2026-07-06 01:19:08,021 INFO   [1/6] загружаем матч BR1_3259131307...
2026-07-06 01:19:09,012 INFO   [2/6] загружаем матч BR1_3259035617...
2026-07-06 01:19:09,836 INFO   [3/6] загружаем матч BR1_3258860084...
2026-07-06 01:19:10,699 INFO   [4/6] загружаем матч BR1_3258844706...
2026-07-06 01:19:11,474 INFO   [5/6] загружаем матч BR1_3258973277...
2026-07-06 01:19:12,441 INFO   [6/6] загружаем матч BR1_3258901395...
2026-07-06 01:19:13,251 INFO Загружено матчей: 6
2026-07-06 01:19:13,251 INFO 
[2/3] TRANSFORM — разбиваем на таблицы
2026-07-06 01:19:13,253 INFO Игроков:    53
2026-07-06 01:19:13,253 INFO Матчей:     6
2026-07-06 01:19:13,253 INFO Участников: 60
2026-07-06 01:19:13,253 INFO 
[3/3] LOAD — сохраняем данные
2026-07-06 01:19:13,253 INFO 
  \u2192 CSV в 'lol_output_americas_br1/'
2026-07-06 01:19:13,257 INFO   players.csv      — 53 строк,путь к файлу:lol_output_americas_br1
2026-07-06 01:19:13,257 INFO   matches.csv      — 6 строк,путь к файлу:lol_output_americas_br1
2026-07-06 01:19:13,257 INFO   participants.csv — 60 строк,путь к файлу:lol_output_americas_br1
2026-07-06 01:21:13,253 INFO Данные собираем для региона: americas:la1
2026-07-06 01:21:14,455 INFO   [1/3] получаем матчи для CoOo0Ouwu0vn...
2026-07-06 01:21:15,198 INFO   [2/3] получаем матчи для dFedGtEIssJn...
2026-07-06 01:21:15,937 INFO   [3/3] получаем матчи для PTNyejrZx9EL...
2026-07-06 01:21:16,688 INFO   [1/6] загружаем матч LA1_1731261826...
2026-07-06 01:21:17,659 INFO   [2/6] загружаем матч LA1_1731251636...
2026-07-06 01:21:18,613 INFO   [3/6] загружаем матч LA1_1731185490...
2026-07-06 01:21:19,593 INFO   [4/6] загружаем матч LA1_1731186057...
2026-07-06 01:21:20,498 INFO   [5/6] загружаем матч LA1_1731192570...
2026-07-06 01:21:21,486 INFO   [6/6] загружаем матч LA1_1731137814...
2026-07-06 01:21:22,441 INFO Загружено матчей: 6
2026-07-06 01:21:22,441 INFO 
[2/3] TRANSFORM — разбиваем на таблицы
2026-07-06 01:21:22,449 INFO Игроков:    56
2026-07-06 01:21:22,449 INFO Матчей:     6
2026-07-06 01:21:22,450 INFO Участников: 60
2026-07-06 01:21:22,450 INFO 
[3/3] LOAD — сохраняем данные
2026-07-06 01:21:22,450 INFO 
  \u2192 CSV в 'lol_output_americas_la1/'
2026-07-06 01:21:22,459 INFO   players.csv      — 56 строк,путь к файлу:lol_output_americas_la1
2026-07-06 01:21:22,460 INFO   matches.csv      — 6 строк,путь к файлу:lol_output_americas_la1
2026-07-06 01:21:22,460 INFO   participants.csv — 60 строк,путь к файлу:lol_output_americas_la1
2026-07-06 01:23:22,457 INFO Данные собираем для региона: americas:la2
2026-07-06 01:23:24,011 INFO   [1/3] получаем матчи для pHq37AxcAeoW...
2026-07-06 01:23:24,771 INFO   [2/3] получаем матчи для ZX1VZbc3hG7r...
2026-07-06 01:23:25,500 INFO   [3/3] получаем матчи для QM_mPVj4UTRR...
2026-07-06 01:23:26,222 INFO   [1/6] загружаем матч LA2_1606757528...
2026-07-06 01:23:27,173 INFO   [2/6] загружаем матч LA2_1606743837...
2026-07-06 01:23:28,135 INFO   [3/6] загружаем матч LA2_1607157979...
2026-07-06 01:23:29,143 INFO   [4/6] загружаем матч LA2_1607156145...
2026-07-06 01:23:30,188 INFO   [5/6] загружаем матч LA2_1604784430...
2026-07-06 01:23:31,261 INFO   [6/6] загружаем матч LA2_1604668842...
2026-07-06 01:23:32,205 INFO Загружено матчей: 6
2026-07-06 01:23:32,206 INFO 
[2/3] TRANSFORM — разбиваем на таблицы
2026-07-06 01:23:32,216 INFO Игроков:    71
2026-07-06 01:23:32,216 INFO Матчей:     6
2026-07-06 01:23:32,217 INFO Участников: 76
2026-07-06 01:23:32,217 INFO 
[3/3] LOAD — сохраняем данные
2026-07-06 01:23:32,217 INFO 
  \u2192 CSV в 'lol_output_americas_la2/'
2026-07-06 01:23:32,230 INFO   players.csv      — 71 строк,путь к файлу:lol_output_americas_la2
2026-07-06 01:23:32,230 INFO   matches.csv      — 6 строк,путь к файлу:lol_output_americas_la2
2026-07-06 01:23:32,230 INFO   participants.csv — 76 строк,путь к файлу:lol_output_americas_la2
2026-07-06 01:25:32,227 INFO Данные собираем для региона: europe:euw1
2026-07-06 01:25:33,048 INFO   [1/3] получаем матчи для _SaWHreg98JS...
2026-07-06 01:25:33,658 INFO   [2/3] получаем матчи для UAPqgAeHaB9G...
2026-07-06 01:25:34,271 INFO   [3/3] получаем матчи для iD13AZGA5VO2...
2026-07-06 01:25:34,859 INFO   [1/6] загружаем матч EUW1_7910038322...
2026-07-06 01:25:35,561 INFO   [2/6] загружаем матч EUW1_7909998997...
2026-07-06 01:25:36,206 INFO   [3/6] загружаем матч EUW1_7903341045...
2026-07-06 01:25:36,859 INFO   [4/6] загружаем матч EUW1_7903290156...
2026-07-06 01:25:37,502 INFO   [5/6] загружаем матч EUW1_7898064872...
2026-07-06 01:25:38,156 INFO   [6/6] загружаем матч EUW1_7897980110...
2026-07-06 01:25:38,815 INFO Загружено матчей: 6
2026-07-06 01:25:38,816 INFO 
[2/3] TRANSFORM — разбиваем на таблицы
2026-07-06 01:25:38,818 INFO Игроков:    50
2026-07-06 01:25:38,818 INFO Матчей:     6
2026-07-06 01:25:38,818 INFO Участников: 60
2026-07-06 01:25:38,818 INFO 
[3/3] LOAD — сохраняем данные
2026-07-06 01:25:38,818 INFO 
  \u2192 CSV в 'lol_output_europe_euw1/'
2026-07-06 01:25:38,822 INFO   players.csv      — 50 строк,путь к файлу:lol_output_europe_euw1
2026-07-06 01:25:38,822 INFO   matches.csv      — 6 строк,путь к файлу:lol_output_europe_euw1
2026-07-06 01:25:38,822 INFO   participants.csv — 60 строк,путь к файлу:lol_output_europe_euw1
2026-07-06 01:27:38,818 INFO Данные собираем для региона: europe:eun1
2026-07-06 01:27:39,564 INFO   [1/3] получаем матчи для DFSnpD99FHKq...
2026-07-06 01:27:40,127 INFO   [2/3] получаем матчи для F4lxIMRpmr_A...
2026-07-06 01:27:40,732 INFO   [3/3] получаем матчи для USNyjKhB1IBl...
2026-07-06 01:27:41,349 INFO   [1/6] загружаем матч EUN1_3974203369...
2026-07-06 01:27:41,996 INFO   [2/6] загружаем матч EUN1_3974181309...
2026-07-06 01:27:42,692 INFO   [3/6] загружаем матч EUN1_3974266787...
2026-07-06 01:27:43,323 INFO   [4/6] загружаем матч EUN1_3974245176...
2026-07-06 01:27:43,980 INFO   [5/6] загружаем матч EUN1_3974189338...
2026-07-06 01:27:44,626 INFO   [6/6] загружаем матч EUN1_3974158775...
2026-07-06 01:27:45,334 INFO Загружено матчей: 6
2026-07-06 01:27:45,335 INFO 
[2/3] TRANSFORM — разбиваем на таблицы
2026-07-06 01:27:45,340 INFO Игроков:    52
2026-07-06 01:27:45,340 INFO Матчей:     6
2026-07-06 01:27:45,340 INFO Участников: 60
2026-07-06 01:27:45,341 INFO 
[3/3] LOAD — сохраняем данные
2026-07-06 01:27:45,341 INFO 
  \u2192 CSV в 'lol_output_europe_eun1/'
2026-07-06 01:27:45,351 INFO   players.csv      — 52 строк,путь к файлу:lol_output_europe_eun1
2026-07-06 01:27:45,351 INFO   matches.csv      — 6 строк,путь к файлу:lol_output_europe_eun1
2026-07-06 01:27:45,351 INFO   participants.csv — 60 строк,путь к файлу:lol_output_europe_eun1
2026-07-06 01:29:45,348 INFO Данные собираем для региона: europe:ru
2026-07-06 01:29:46,026 INFO   [1/3] получаем матчи для S4BJMWPsiYa1...
2026-07-06 01:29:46,597 INFO   [2/3] получаем матчи для U-8i9MUnXix1...
2026-07-06 01:29:47,179 INFO   [3/3] получаем матчи для 9BqqOlDPXHJ6...
2026-07-06 01:29:47,784 INFO   [1/6] загружаем матч RU_563882330...
2026-07-06 01:29:48,429 INFO   [2/6] загружаем матч RU_563877125...
2026-07-06 01:29:49,110 INFO   [3/6] загружаем матч RU_563862945...
2026-07-06 01:29:49,756 INFO   [4/6] загружаем матч RU_563830150...
2026-07-06 01:29:50,440 INFO   [5/6] загружаем матч RU_562836428...
2026-07-06 01:29:51,065 INFO   [6/6] загружаем матч RU_562832434...
2026-07-06 01:29:51,760 INFO Загружено матчей: 6
2026-07-06 01:29:51,760 INFO 
[2/3] TRANSFORM — разбиваем на таблицы
2026-07-06 01:29:51,762 INFO Игроков:    51
2026-07-06 01:29:51,762 INFO Матчей:     6
2026-07-06 01:29:51,762 INFO Участников: 60
2026-07-06 01:29:51,762 INFO 
[3/3] LOAD — сохраняем данные
2026-07-06 01:29:51,762 INFO 
  \u2192 CSV в 'lol_output_europe_ru/'
2026-07-06 01:29:51,766 INFO   players.csv      — 51 строк,путь к файлу:lol_output_europe_ru
2026-07-06 01:29:51,766 INFO   matches.csv      — 6 строк,путь к файлу:lol_output_europe_ru
2026-07-06 01:29:51,766 INFO   participants.csv — 60 строк,путь к файлу:lol_output_europe_ru
2026-07-06 01:31:51,764 INFO Данные собираем для региона: europe:tr1
2026-07-06 01:31:52,513 INFO   [1/3] получаем матчи для LW4MiD5YNaPh...
2026-07-06 01:31:53,077 INFO   [2/3] получаем матчи для CV_GlPGtuUhP...
2026-07-06 01:31:53,679 INFO   [3/3] получаем матчи для gKXgqta_M0I6...
2026-07-06 01:31:54,259 INFO   [1/6] загружаем матч TR1_1725145853...
2026-07-06 01:31:54,996 INFO   [2/6] загружаем матч TR1_1724988101...
2026-07-06 01:31:55,688 INFO   [3/6] загружаем матч TR1_1725247871...
2026-07-06 01:31:56,375 INFO   [4/6] загружаем матч TR1_1725226707...
2026-07-06 01:31:57,022 INFO   [5/6] загружаем матч TR1_1725260471...
2026-07-06 01:31:57,658 INFO   [6/6] загружаем матч TR1_1725247871...
2026-07-06 01:31:58,274 INFO Загружено матчей: 6
2026-07-06 01:31:58,275 INFO 
[2/3] TRANSFORM — разбиваем на таблицы
2026-07-06 01:31:58,279 INFO Игроков:    62
2026-07-06 01:31:58,279 INFO Матчей:     5
2026-07-06 01:31:58,279 INFO Участников: 76
2026-07-06 01:31:58,279 INFO 
[3/3] LOAD — сохраняем данные
2026-07-06 01:31:58,280 INFO 
  \u2192 CSV в 'lol_output_europe_tr1/'
2026-07-06 01:31:58,294 INFO   players.csv      — 62 строк,путь к файлу:lol_output_europe_tr1
2026-07-06 01:31:58,294 INFO   matches.csv      — 5 строк,путь к файлу:lol_output_europe_tr1
2026-07-06 01:31:58,295 INFO   participants.csv — 76 строк,путь к файлу:lol_output_europe_tr1
2026-07-06 01:33:58,292 INFO Данные собираем для региона: asia:kr
2026-07-06 01:34:00,045 INFO   [1/3] получаем матчи для bM88-RhHSRYR...
2026-07-06 01:34:01,404 INFO   [2/3] получаем матчи для 5AvzopaD-BKy...
2026-07-06 01:34:02,227 INFO   [3/3] получаем матчи для fvbKs6xPqmoC...
2026-07-06 01:34:03,059 INFO   [1/6] загружаем матч KR_8287379938...
2026-07-06 01:34:04,202 INFO   [2/6] загружаем матч KR_8287384069...
2026-07-06 01:34:05,334 INFO   [3/6] загружаем матч KR_8287414281...
2026-07-06 01:34:06,451 INFO   [4/6] загружаем матч KR_8287399413...
2026-07-06 01:34:07,321 INFO   [5/6] загружаем матч KR_8287114878...
2026-07-06 01:34:08,442 INFO   [6/6] загружаем матч KR_8287021948...
2026-07-06 01:34:09,295 INFO Загружено матчей: 6
2026-07-06 01:34:09,295 INFO 
[2/3] TRANSFORM — разбиваем на таблицы
2026-07-06 01:34:09,297 INFO Игроков:    71
2026-07-06 01:34:09,297 INFO Матчей:     6
2026-07-06 01:34:09,297 INFO Участников: 76
2026-07-06 01:34:09,297 INFO 
[3/3] LOAD — сохраняем данные
2026-07-06 01:34:09,298 INFO 
  \u2192 CSV в 'lol_output_asia_kr/'
2026-07-06 01:34:09,301 INFO   players.csv      — 71 строк,путь к файлу:lol_output_asia_kr
2026-07-06 01:34:09,301 INFO   matches.csv      — 6 строк,путь к файлу:lol_output_asia_kr
2026-07-06 01:34:09,302 INFO   participants.csv — 76 строк,путь к файлу:lol_output_asia_kr
2026-07-06 01:36:09,299 INFO Данные собираем для региона: asia:jp1
2026-07-06 01:36:10,704 INFO   [1/3] получаем матчи для rKVsXfcYqyK-...
2026-07-06 01:36:11,529 INFO   [2/3] получаем матчи для 4d_JoCcjuoqZ...
2026-07-06 01:36:12,427 INFO   [3/3] получаем матчи для 11ZsGfcCYd2f...
2026-07-06 01:36:13,291 INFO   [1/6] загружаем матч JP1_591445723...
2026-07-06 01:36:14,459 INFO   [2/6] загружаем матч JP1_591221074...
2026-07-06 01:36:15,528 INFO   [3/6] загружаем матч JP1_591407165...
2026-07-06 01:36:16,671 INFO   [4/6] загружаем матч JP1_591390797...
2026-07-06 01:36:17,834 INFO   [5/6] загружаем матч JP1_591437853...
2026-07-06 01:36:18,719 INFO   [6/6] загружаем матч JP1_590551384...
2026-07-06 01:36:19,585 INFO Загружено матчей: 6
2026-07-06 01:36:19,585 INFO 
[2/3] TRANSFORM — разбиваем на таблицы
2026-07-06 01:36:19,587 INFO Игроков:    56
2026-07-06 01:36:19,587 INFO Матчей:     6
2026-07-06 01:36:19,587 INFO Участников: 60
2026-07-06 01:36:19,587 INFO 
[3/3] LOAD — сохраняем данные
2026-07-06 01:36:19,587 INFO 
  \u2192 CSV в 'lol_output_asia_jp1/'
2026-07-06 01:36:19,591 INFO   players.csv      — 56 строк,путь к файлу:lol_output_asia_jp1
2026-07-06 01:36:19,591 INFO   matches.csv      — 6 строк,путь к файлу:lol_output_asia_jp1
2026-07-06 01:36:19,591 INFO   participants.csv — 60 строк,путь к файлу:lol_output_asia_jp1
2026-07-06 01:38:19,589 INFO Данные собираем для региона: sea:oc1
2026-07-06 01:38:21,091 INFO   [1/3] получаем матчи для gk6qIb4G3nWu...
2026-07-06 01:38:22,513 INFO   [2/3] получаем матчи для WK8HYjlzPq3u...
2026-07-06 01:38:23,413 INFO   [3/3] получаем матчи для _QIF6qpr2Jo8...
2026-07-06 01:38:24,378 INFO   [1/6] загружаем матч OC1_704951673...
2026-07-06 01:38:25,628 INFO   [2/6] загружаем матч OC1_704709670...
2026-07-06 01:38:27,167 INFO   [3/6] загружаем матч OC1_704962909...
2026-07-06 01:38:28,019 INFO   [4/6] загружаем матч OC1_704956335...
2026-07-06 01:38:29,117 INFO   [5/6] загружаем матч OC1_704972127...
2026-07-06 01:38:30,254 INFO   [6/6] загружаем матч OC1_704970440...
2026-07-06 01:38:31,392 INFO Загружено матчей: 6
2026-07-06 01:38:31,392 INFO 
[2/3] TRANSFORM — разбиваем на таблицы
2026-07-06 01:38:31,402 INFO Игроков:    67
2026-07-06 01:38:31,403 INFO Матчей:     6
2026-07-06 01:38:31,403 INFO Участников: 76
2026-07-06 01:38:31,403 INFO 
[3/3] LOAD — сохраняем данные
2026-07-06 01:38:31,404 INFO 
  \u2192 CSV в 'lol_output_sea_oc1/'
2026-07-06 01:38:31,418 INFO   players.csv      — 67 строк,путь к файлу:lol_output_sea_oc1
2026-07-06 01:38:31,418 INFO   matches.csv      — 6 строк,путь к файлу:lol_output_sea_oc1
2026-07-06 01:38:31,418 INFO   participants.csv — 76 строк,путь к файлу:lol_output_sea_oc1
2026-07-06 01:40:31,415 INFO Данные собираем для региона: sea:sg2
2026-07-06 01:40:33,100 INFO   [1/3] получаем матчи для P7cioAQPKfMP...
2026-07-06 01:40:34,006 INFO   [2/3] получаем матчи для WNFAZs6HmZZo...
2026-07-06 01:40:34,922 INFO   [3/3] получаем матчи для mvisXF0e1YVH...
2026-07-06 01:40:35,876 INFO   [1/6] загружаем матч SG2_162548152...
2026-07-06 01:40:36,757 INFO   [2/6] загружаем матч SG2_162543062...
2026-07-06 01:40:37,884 INFO   [3/6] загружаем матч SG2_162296709...
2026-07-06 01:40:39,099 INFO   [4/6] загружаем матч SG2_162292364...
2026-07-06 01:40:40,521 INFO   [5/6] загружаем матч SG2_162601886...
2026-07-06 01:40:41,735 INFO   [6/6] загружаем матч SG2_162589859...
2026-07-06 01:40:42,906 INFO Загружено матчей: 6
2026-07-06 01:40:42,906 INFO 
[2/3] TRANSFORM — разбиваем на таблицы
2026-07-06 01:40:42,911 INFO Игроков:    50
2026-07-06 01:40:42,911 INFO Матчей:     6
2026-07-06 01:40:42,911 INFO Участников: 60
2026-07-06 01:40:42,911 INFO 
[3/3] LOAD — сохраняем данные
2026-07-06 01:40:42,911 INFO 
  \u2192 CSV в 'lol_output_sea_sg2/'
2026-07-06 01:40:42,917 INFO   players.csv      — 50 строк,путь к файлу:lol_output_sea_sg2
2026-07-06 01:40:42,917 INFO   matches.csv      — 6 строк,путь к файлу:lol_output_sea_sg2
2026-07-06 01:40:42,917 INFO   participants.csv — 60 строк,путь к файлу:lol_output_sea_sg2
2026-07-06 01:42:42,915 INFO 
ETL завершён успешно.
