2026-07-04 20:13:00,849 INFO 
[1/3] EXTRACT — получаем данные из API
2026-07-04 20:13:00,849 INFO Данные собираем для региона: americas:na1
2026-07-04 20:13:02,312 INFO   [1/3] получаем матчи для NmVs4dbmj6_l...
2026-07-04 20:13:04,203 INFO   [2/3] получаем матчи для KSO3ObPb2gOy...
2026-07-04 20:13:05,191 INFO   [3/3] получаем матчи для gzzJ0Gg2Nk0n...
2026-07-04 20:13:06,200 INFO   [1/6] загружаем матч NA1_5593932028...
2026-07-04 20:13:07,539 INFO   [2/6] загружаем матч NA1_5593894723...
2026-07-04 20:13:08,639 INFO   [3/6] загружаем матч NA1_5594773306...
2026-07-04 20:13:10,236 INFO   [4/6] загружаем матч NA1_5594742033...
2026-07-04 20:13:11,604 INFO   [5/6] загружаем матч NA1_5594625341...
2026-07-04 20:13:12,694 INFO   [6/6] загружаем матч NA1_5594586350...
2026-07-04 20:13:13,891 INFO Загружено матчей: 6
2026-07-04 20:13:13,891 INFO 
[2/3] TRANSFORM — разбиваем на таблицы
2026-07-04 20:13:13,897 INFO Игроков:    53
2026-07-04 20:13:13,898 INFO Матчей:     6
2026-07-04 20:13:13,898 INFO Участников: 60
2026-07-04 20:13:13,898 INFO 
[3/3] LOAD — сохраняем данные
2026-07-04 20:13:13,898 INFO 
  \u2192 CSV в 'lol_output_americas_na1/'
2026-07-04 20:13:13,911 INFO   players.csv      — 53 строк,путь к файлу:lol_output_americas_na1
2026-07-04 20:13:13,912 INFO   matches.csv      — 6 строк,путь к файлу:lol_output_americas_na1
2026-07-04 20:13:13,912 INFO   participants.csv — 60 строк,путь к файлу:lol_output_americas_na1
2026-07-04 20:15:13,912 INFO Данные собираем для региона: americas:br1
2026-07-04 20:15:39,012 INFO   [1/3] получаем матчи для Nw2TPmGELDoI...
2026-07-04 20:15:41,494 INFO   [2/3] получаем матчи для 6IxU99HImHOH...
2026-07-04 20:15:43,887 INFO   [3/3] получаем матчи для OjIxLeRKow2h...
2026-07-04 20:15:45,932 INFO   [1/6] загружаем матч BR1_3258769114...
2026-07-04 20:15:47,375 INFO   [2/6] загружаем матч BR1_3258767065...
2026-07-04 20:15:48,424 INFO   [3/6] загружаем матч BR1_3258832563...
2026-07-04 20:15:49,686 INFO   [4/6] загружаем матч BR1_3258820422...
2026-07-04 20:15:50,930 INFO   [5/6] загружаем матч BR1_3258832563...
2026-07-04 20:15:52,156 INFO   [6/6] загружаем матч BR1_3258819052...
2026-07-04 20:15:53,409 INFO Загружено матчей: 6
2026-07-04 20:15:53,409 INFO 
[2/3] TRANSFORM — разбиваем на таблицы
2026-07-04 20:15:53,424 INFO Игроков:    43
2026-07-04 20:15:53,424 INFO Матчей:     5
2026-07-04 20:15:53,424 INFO Участников: 60
2026-07-04 20:15:53,424 INFO 
[3/3] LOAD — сохраняем данные
2026-07-04 20:15:53,425 INFO 
  \u2192 CSV в 'lol_output_americas_br1/'
2026-07-04 20:15:53,435 INFO   players.csv      — 43 строк,путь к файлу:lol_output_americas_br1
2026-07-04 20:15:53,435 INFO   matches.csv      — 5 строк,путь к файлу:lol_output_americas_br1
2026-07-04 20:15:53,436 INFO   participants.csv — 60 строк,путь к файлу:lol_output_americas_br1
2026-07-04 20:17:53,436 INFO Данные собираем для региона: americas:la1
2026-07-04 20:17:55,706 INFO   [1/3] получаем матчи для CoOo0Ouwu0vn...
2026-07-04 20:18:00,082 INFO   [2/3] получаем матчи для dFedGtEIssJn...
2026-07-04 20:18:02,895 INFO   [3/3] получаем матчи для zPS1eELcsh4t...
2026-07-04 20:18:04,406 INFO   [1/6] загружаем матч LA1_1730265458...
2026-07-04 20:18:07,901 INFO   [2/6] загружаем матч LA1_1730261143...
2026-07-04 20:18:09,787 INFO   [3/6] загружаем матч LA1_1730877026...
2026-07-04 20:18:35,799 INFO   [4/6] загружаем матч LA1_1730862399...
2026-07-04 20:18:58,979 INFO   [5/6] загружаем матч LA1_1728779131...
2026-07-04 20:19:03,415 INFO   [6/6] загружаем матч LA1_1728636347...
2026-07-04 20:19:04,793 INFO Загружено матчей: 6
2026-07-04 20:19:04,794 INFO 
[2/3] TRANSFORM — разбиваем на таблицы
2026-07-04 20:19:04,801 INFO Игроков:    52
2026-07-04 20:19:04,801 INFO Матчей:     6
2026-07-04 20:19:04,802 INFO Участников: 60
2026-07-04 20:19:04,802 INFO 
[3/3] LOAD — сохраняем данные
2026-07-04 20:19:04,802 INFO 
  \u2192 CSV в 'lol_output_americas_la1/'
2026-07-04 20:19:04,816 INFO   players.csv      — 52 строк,путь к файлу:lol_output_americas_la1
2026-07-04 20:19:04,817 INFO   matches.csv      — 6 строк,путь к файлу:lol_output_americas_la1
2026-07-04 20:19:04,817 INFO   participants.csv — 60 строк,путь к файлу:lol_output_americas_la1
2026-07-04 20:21:04,818 INFO Данные собираем для региона: americas:la2
2026-07-04 20:21:07,592 INFO   [1/3] получаем матчи для pHq37AxcAeoW...
2026-07-04 20:21:08,786 INFO   [2/3] получаем матчи для ZX1VZbc3hG7r...
2026-07-04 20:21:09,823 INFO   [3/3] получаем матчи для QM_mPVj4UTRR...
2026-07-04 20:21:10,934 INFO   [1/6] загружаем матч LA2_1606757528...
2026-07-04 20:21:12,044 INFO   [2/6] загружаем матч LA2_1606743837...
2026-07-04 20:21:13,410 INFO   [3/6] загружаем матч LA2_1607058649...
2026-07-04 20:21:14,844 INFO   [4/6] загружаем матч LA2_1607053059...
2026-07-04 20:21:16,243 INFO   [5/6] загружаем матч LA2_1604784430...
2026-07-04 20:21:17,549 INFO   [6/6] загружаем матч LA2_1604668842...
2026-07-04 20:21:18,797 INFO Загружено матчей: 6
2026-07-04 20:21:18,798 INFO 
[2/3] TRANSFORM — разбиваем на таблицы
2026-07-04 20:21:18,806 INFO Игроков:    69
2026-07-04 20:21:18,806 INFO Матчей:     6
2026-07-04 20:21:18,806 INFO Участников: 76
2026-07-04 20:21:18,806 INFO 
[3/3] LOAD — сохраняем данные
2026-07-04 20:21:18,806 INFO 
  \u2192 CSV в 'lol_output_americas_la2/'
2026-07-04 20:21:18,820 INFO   players.csv      — 69 строк,путь к файлу:lol_output_americas_la2
2026-07-04 20:21:18,820 INFO   matches.csv      — 6 строк,путь к файлу:lol_output_americas_la2
2026-07-04 20:21:18,820 INFO   participants.csv — 76 строк,путь к файлу:lol_output_americas_la2
2026-07-04 20:23:18,821 INFO Данные собираем для региона: europe:euw1
2026-07-04 20:23:21,304 INFO   [1/3] получаем матчи для XXlD9Fv1Qg9G...
2026-07-04 20:23:22,436 INFO   [2/3] получаем матчи для UAPqgAeHaB9G...
2026-07-04 20:23:23,395 INFO   [3/3] получаем матчи для iD13AZGA5VO2...
2026-07-04 20:23:24,260 INFO   [1/6] загружаем матч EUW1_7908525361...
2026-07-04 20:23:25,292 INFO   [2/6] загружаем матч EUW1_7908494660...
2026-07-04 20:23:26,758 INFO   [3/6] загружаем матч EUW1_7903341045...
2026-07-04 20:23:27,645 INFO   [4/6] загружаем матч EUW1_7903290156...
2026-07-04 20:23:28,603 INFO   [5/6] загружаем матч EUW1_7898064872...
2026-07-04 20:23:29,592 INFO   [6/6] загружаем матч EUW1_7897980110...
2026-07-04 20:23:30,469 INFO Загружено матчей: 6
2026-07-04 20:23:30,470 INFO 
[2/3] TRANSFORM — разбиваем на таблицы
2026-07-04 20:23:30,479 INFO Игроков:    50
2026-07-04 20:23:30,479 INFO Матчей:     6
2026-07-04 20:23:30,480 INFO Участников: 60
2026-07-04 20:23:30,480 INFO 
[3/3] LOAD — сохраняем данные
2026-07-04 20:23:30,480 INFO 
  \u2192 CSV в 'lol_output_europe_euw1/'
2026-07-04 20:23:30,491 INFO   players.csv      — 50 строк,путь к файлу:lol_output_europe_euw1
2026-07-04 20:23:30,492 INFO   matches.csv      — 6 строк,путь к файлу:lol_output_europe_euw1
2026-07-04 20:23:30,492 INFO   participants.csv — 60 строк,путь к файлу:lol_output_europe_euw1
2026-07-04 20:25:30,493 INFO Данные собираем для региона: europe:eun1
2026-07-04 20:25:31,822 INFO   [1/3] получаем матчи для DFSnpD99FHKq...
2026-07-04 20:25:32,939 INFO   [2/3] получаем матчи для F4lxIMRpmr_A...
2026-07-04 20:25:33,974 INFO   [3/3] получаем матчи для USNyjKhB1IBl...
2026-07-04 20:25:34,796 INFO   [1/6] загружаем матч EUN1_3973549702...
2026-07-04 20:25:35,757 INFO   [2/6] загружаем матч EUN1_3973448935...
2026-07-04 20:25:36,691 INFO   [3/6] загружаем матч EUN1_3973116568...
2026-07-04 20:25:37,661 INFO   [4/6] загружаем матч EUN1_3973090564...
2026-07-04 20:25:38,639 INFO   [5/6] загружаем матч EUN1_3973627278...
2026-07-04 20:25:39,583 INFO   [6/6] загружаем матч EUN1_3973605463...
2026-07-04 20:25:40,610 INFO Загружено матчей: 6
2026-07-04 20:25:40,610 INFO 
[2/3] TRANSFORM — разбиваем на таблицы
2026-07-04 20:25:40,615 INFO Игроков:    57
2026-07-04 20:25:40,615 INFO Матчей:     6
2026-07-04 20:25:40,615 INFO Участников: 60
2026-07-04 20:25:40,616 INFO 
[3/3] LOAD — сохраняем данные
2026-07-04 20:25:40,616 INFO 
  \u2192 CSV в 'lol_output_europe_eun1/'
2026-07-04 20:25:40,640 INFO   players.csv      — 57 строк,путь к файлу:lol_output_europe_eun1
2026-07-04 20:25:40,640 INFO   matches.csv      — 6 строк,путь к файлу:lol_output_europe_eun1
2026-07-04 20:25:40,640 INFO   participants.csv — 60 строк,путь к файлу:lol_output_europe_eun1
2026-07-04 20:27:40,641 INFO Данные собираем для региона: europe:ru
2026-07-04 20:27:41,742 INFO   [1/3] получаем матчи для S4BJMWPsiYa1...
2026-07-04 20:27:43,937 INFO   [2/3] получаем матчи для U-8i9MUnXix1...
2026-07-04 20:27:44,983 INFO   [3/3] получаем матчи для 9BqqOlDPXHJ6...
2026-07-04 20:27:45,919 INFO   [1/6] загружаем матч RU_563780036...
2026-07-04 20:27:46,890 INFO   [2/6] загружаем матч RU_563759428...
2026-07-04 20:27:48,062 INFO   [3/6] загружаем матч RU_563749822...
2026-07-04 20:27:48,947 INFO   [4/6] загружаем матч RU_563749154...
2026-07-04 20:27:49,923 INFO   [5/6] загружаем матч RU_562836428...
2026-07-04 20:27:50,930 INFO   [6/6] загружаем матч RU_562832434...
2026-07-04 20:27:52,155 INFO Загружено матчей: 6
2026-07-04 20:27:52,155 INFO 
[2/3] TRANSFORM — разбиваем на таблицы
2026-07-04 20:27:52,160 INFO Игроков:    56
2026-07-04 20:27:52,160 INFO Матчей:     6
2026-07-04 20:27:52,161 INFO Участников: 60
2026-07-04 20:27:52,161 INFO 
[3/3] LOAD — сохраняем данные
2026-07-04 20:27:52,161 INFO 
  \u2192 CSV в 'lol_output_europe_ru/'
2026-07-04 20:27:52,170 INFO   players.csv      — 56 строк,путь к файлу:lol_output_europe_ru
2026-07-04 20:27:52,170 INFO   matches.csv      — 6 строк,путь к файлу:lol_output_europe_ru
2026-07-04 20:27:52,170 INFO   participants.csv — 60 строк,путь к файлу:lol_output_europe_ru
2026-07-04 20:29:52,171 INFO Данные собираем для региона: europe:tr
