2026-07-06 00:31:32,741 INFO 
[1/3] EXTRACT — получаем данные из API
2026-07-06 00:31:32,741 INFO Данные собираем для региона: americas:na1
2026-07-06 00:31:34,124 INFO   [1/3] получаем матчи для gzzJ0Gg2Nk0n...
2026-07-06 00:31:35,299 INFO   [2/3] получаем матчи для NmVs4dbmj6_l...
2026-07-06 00:31:36,031 INFO   [3/3] получаем матчи для KSO3ObPb2gOy...
2026-07-06 00:31:36,779 INFO   [1/6] загружаем матч NA1_5595216085...
2026-07-06 00:31:37,578 INFO   [2/6] загружаем матч NA1_5595190512...
2026-07-06 00:31:38,355 INFO   [3/6] загружаем матч NA1_5593932028...
2026-07-06 00:31:39,133 INFO   [4/6] загружаем матч NA1_5593894723...
2026-07-06 00:31:39,918 INFO   [5/6] загружаем матч NA1_5595457533...
2026-07-06 00:31:40,691 INFO   [6/6] загружаем матч NA1_5595439620...
2026-07-06 00:31:41,447 INFO Загружено матчей: 6
2026-07-06 00:31:41,447 INFO 
[2/3] TRANSFORM — разбиваем на таблицы
2026-07-06 00:31:41,450 INFO Игроков:    55
2026-07-06 00:31:41,450 INFO Матчей:     6
2026-07-06 00:31:41,450 INFO Участников: 60
2026-07-06 00:31:41,450 INFO 
[3/3] LOAD — сохраняем данные
2026-07-06 00:31:41,450 INFO 
  \u2192 CSV в 'lol_output_americas_na1/'
2026-07-06 00:31:41,465 INFO   players.csv      — 55 строк,путь к файлу:lol_output_americas_na1
2026-07-06 00:31:41,465 INFO   matches.csv      — 6 строк,путь к файлу:lol_output_americas_na1
2026-07-06 00:31:41,465 INFO   participants.csv — 60 строк,путь к файлу:lol_output_americas_na1
2026-07-06 00:33:41,452 INFO Данные собираем для региона: americas:br1
2026-07-06 00:33:42,651 INFO   [1/3] получаем матчи для Nw2TPmGELDoI...
2026-07-06 00:33:43,364 INFO   [2/3] получаем матчи для OjIxLeRKow2h...
2026-07-06 00:33:44,130 INFO   [3/3] получаем матчи для 6IxU99HImHOH...
2026-07-06 00:33:44,882 INFO   [1/6] загружаем матч BR1_3259131307...
2026-07-06 00:33:45,666 INFO   [2/6] загружаем матч BR1_3259035617...
2026-07-06 00:33:46,471 INFO   [3/6] загружаем матч BR1_3258860084...
2026-07-06 00:33:47,275 INFO   [4/6] загружаем матч BR1_3258844706...
2026-07-06 00:33:48,061 INFO   [5/6] загружаем матч BR1_3258973277...
2026-07-06 00:33:48,862 INFO   [6/6] загружаем матч BR1_3258901395...
2026-07-06 00:33:49,665 INFO Загружено матчей: 6
2026-07-06 00:33:49,666 INFO 
[2/3] TRANSFORM — разбиваем на таблицы
2026-07-06 00:33:49,667 INFO Игроков:    53
2026-07-06 00:33:49,667 INFO Матчей:     6
2026-07-06 00:33:49,668 INFO Участников: 60
2026-07-06 00:33:49,668 INFO 
[3/3] LOAD — сохраняем данные
2026-07-06 00:33:49,668 INFO 
  \u2192 CSV в 'lol_output_americas_br1/'
2026-07-06 00:33:49,671 INFO   players.csv      — 53 строк,путь к файлу:lol_output_americas_br1
2026-07-06 00:33:49,671 INFO   matches.csv      — 6 строк,путь к файлу:lol_output_americas_br1
2026-07-06 00:33:49,671 INFO   participants.csv — 60 строк,путь к файлу:lol_output_americas_br1
2026-07-06 00:35:49,659 INFO Данные собираем для региона: americas:la1
2026-07-06 00:35:51,019 INFO   [1/3] получаем матчи для CoOo0Ouwu0vn...
2026-07-06 00:35:51,986 INFO   [2/3] получаем матчи для dFedGtEIssJn...
2026-07-06 00:35:52,947 INFO   [3/3] получаем матчи для PTNyejrZx9EL...
2026-07-06 00:35:53,919 INFO   [1/6] загружаем матч LA1_1731251636...
2026-07-06 00:35:55,168 INFO   [2/6] загружаем матч LA1_1731080145...
2026-07-06 00:35:56,401 INFO   [3/6] загружаем матч LA1_1731185490...
2026-07-06 00:35:57,669 INFO   [4/6] загружаем матч LA1_1731186057...
2026-07-06 00:35:58,904 INFO   [5/6] загружаем матч LA1_1731192570...
2026-07-06 00:36:00,099 INFO   [6/6] загружаем матч LA1_1731137814...
2026-07-06 00:36:01,347 INFO Загружено матчей: 6
2026-07-06 00:36:01,347 INFO 
[2/3] TRANSFORM — разбиваем на таблицы
2026-07-06 00:36:01,350 INFO Игроков:    55
2026-07-06 00:36:01,350 INFO Матчей:     6
2026-07-06 00:36:01,350 INFO Участников: 60
2026-07-06 00:36:01,350 INFO 
[3/3] LOAD — сохраняем данные
2026-07-06 00:36:01,350 INFO 
  \u2192 CSV в 'lol_output_americas_la1/'
2026-07-06 00:36:01,356 INFO   players.csv      — 55 строк,путь к файлу:lol_output_americas_la1
2026-07-06 00:36:01,356 INFO   matches.csv      — 6 строк,путь к файлу:lol_output_americas_la1
2026-07-06 00:36:01,356 INFO   participants.csv — 60 строк,путь к файлу:lol_output_americas_la1
2026-07-06 00:38:01,345 INFO Данные собираем для региона: americas:la2
2026-07-06 00:38:02,625 INFO   [1/3] получаем матчи для pHq37AxcAeoW...
2026-07-06 00:38:03,383 INFO   [2/3] получаем матчи для ZX1VZbc3hG7r...
2026-07-06 00:38:04,138 INFO   [3/3] получаем матчи для QM_mPVj4UTRR...
2026-07-06 00:38:04,863 INFO   [1/6] загружаем матч LA2_1606757528...
2026-07-06 00:38:05,846 INFO   [2/6] загружаем матч LA2_1606743837...
2026-07-06 00:38:06,871 INFO   [3/6] загружаем матч LA2_1607157979...
2026-07-06 00:38:07,917 INFO   [4/6] загружаем матч LA2_1607156145...
2026-07-06 00:38:08,953 INFO   [5/6] загружаем матч LA2_1604784430...
2026-07-06 00:38:09,968 INFO   [6/6] загружаем матч LA2_1604668842...
2026-07-06 00:38:10,992 INFO Загружено матчей: 6
2026-07-06 00:38:10,992 INFO 
[2/3] TRANSFORM — разбиваем на таблицы
2026-07-06 00:38:10,998 INFO Игроков:    71
2026-07-06 00:38:10,998 INFO Матчей:     6
2026-07-06 00:38:10,998 INFO Участников: 76
2026-07-06 00:38:10,999 INFO 
[3/3] LOAD — сохраняем данные
2026-07-06 00:38:10,999 INFO 
  \u2192 CSV в 'lol_output_americas_la2/'
2026-07-06 00:38:11,009 INFO   players.csv      — 71 строк,путь к файлу:lol_output_americas_la2
2026-07-06 00:38:11,009 INFO   matches.csv      — 6 строк,путь к файлу:lol_output_americas_la2
2026-07-06 00:38:11,010 INFO   participants.csv — 76 строк,путь к файлу:lol_output_americas_la2
2026-07-06 00:40:11,001 INFO Данные собираем для региона: europe:euw1
2026-07-06 00:40:11,833 INFO   [1/3] получаем матчи для UAPqgAeHaB9G...
2026-07-06 00:40:12,459 INFO   [2/3] получаем матчи для _SaWHreg98JS...
2026-07-06 00:40:13,058 INFO   [3/3] получаем матчи для iD13AZGA5VO2...
2026-07-06 00:40:13,654 INFO   [1/6] загружаем матч EUW1_7903341045...
2026-07-06 00:40:14,305 INFO   [2/6] загружаем матч EUW1_7903290156...
2026-07-06 00:40:14,945 INFO   [3/6] загружаем матч EUW1_7909998997...
2026-07-06 00:40:15,569 INFO   [4/6] загружаем матч EUW1_7909947625...
2026-07-06 00:40:16,240 INFO   [5/6] загружаем матч EUW1_7898064872...
2026-07-06 00:40:16,857 INFO   [6/6] загружаем матч EUW1_7897980110...
2026-07-06 00:40:17,517 INFO Загружено матчей: 6
2026-07-06 00:40:17,518 INFO 
[2/3] TRANSFORM — разбиваем на таблицы
2026-07-06 00:40:17,520 INFO Игроков:    52
2026-07-06 00:40:17,520 INFO Матчей:     6
2026-07-06 00:40:17,520 INFO Участников: 60
2026-07-06 00:40:17,520 INFO 
[3/3] LOAD — сохраняем данные
2026-07-06 00:40:17,520 INFO 
  \u2192 CSV в 'lol_output_europe_euw1/'
2026-07-06 00:40:17,532 INFO   players.csv      — 52 строк,путь к файлу:lol_output_europe_euw1
2026-07-06 00:40:17,532 INFO   matches.csv      — 6 строк,путь к файлу:lol_output_europe_euw1
2026-07-06 00:40:17,533 INFO   participants.csv — 60 строк,путь к файлу:lol_output_europe_euw1
2026-07-06 00:42:17,525 INFO Данные собираем для региона: europe:eun1
2026-07-06 00:42:18,247 INFO   [1/3] получаем матчи для DFSnpD99FHKq...
2026-07-06 00:42:18,838 INFO   [2/3] получаем матчи для F4lxIMRpmr_A...
2026-07-06 00:42:19,428 INFO   [3/3] получаем матчи для USNyjKhB1IBl...
2026-07-06 00:42:20,030 INFO   [1/6] загружаем матч EUN1_3974203369...
2026-07-06 00:42:20,688 INFO   [2/6] загружаем матч EUN1_3974181309...
2026-07-06 00:42:21,308 INFO   [3/6] загружаем матч EUN1_3974245176...
2026-07-06 00:42:21,923 INFO   [4/6] загружаем матч EUN1_3974215143...
2026-07-06 00:42:22,592 INFO   [5/6] загружаем матч EUN1_3974189338...
2026-07-06 00:42:23,243 INFO   [6/6] загружаем матч EUN1_3974158775...
2026-07-06 00:42:23,886 INFO Загружено матчей: 6
2026-07-06 00:42:23,886 INFO 
[2/3] TRANSFORM — разбиваем на таблицы
2026-07-06 00:42:23,891 INFO Игроков:    51
2026-07-06 00:42:23,891 INFO Матчей:     6
2026-07-06 00:42:23,891 INFO Участников: 60
2026-07-06 00:42:23,891 INFO 
[3/3] LOAD — сохраняем данные
2026-07-06 00:42:23,891 INFO 
  \u2192 CSV в 'lol_output_europe_eun1/'
2026-07-06 00:42:23,899 INFO   players.csv      — 51 строк,путь к файлу:lol_output_europe_eun1
2026-07-06 00:42:23,899 INFO   matches.csv      — 6 строк,путь к файлу:lol_output_europe_eun1
2026-07-06 00:42:23,899 INFO   participants.csv — 60 строк,путь к файлу:lol_output_europe_eun1
2026-07-06 00:44:23,892 INFO Данные собираем для региона: europe:ru
2026-07-06 00:44:24,584 INFO   [1/3] получаем матчи для S4BJMWPsiYa1...
2026-07-06 00:44:25,190 INFO   [2/3] получаем матчи для U-8i9MUnXix1...
2026-07-06 00:44:25,781 INFO   [3/3] получаем матчи для 9BqqOlDPXHJ6...
2026-07-06 00:44:26,383 INFO   [1/6] загружаем матч RU_563882330...
2026-07-06 00:44:27,060 INFO   [2/6] загружаем матч RU_563877125...
2026-07-06 00:44:27,676 INFO   [3/6] загружаем матч RU_563862945...
2026-07-06 00:44:28,321 INFO   [4/6] загружаем матч RU_563830150...
2026-07-06 00:44:29,022 INFO   [5/6] загружаем матч RU_562836428...
2026-07-06 00:44:29,686 INFO   [6/6] загружаем матч RU_562832434...
2026-07-06 00:44:30,373 INFO Загружено матчей: 6
2026-07-06 00:44:30,373 INFO 
[2/3] TRANSFORM — разбиваем на таблицы
2026-07-06 00:44:30,375 INFO Игроков:    51
2026-07-06 00:44:30,375 INFO Матчей:     6
2026-07-06 00:44:30,375 INFO Участников: 60
2026-07-06 00:44:30,375 INFO 
[3/3] LOAD — сохраняем данные
2026-07-06 00:44:30,375 INFO 
  \u2192 CSV в 'lol_output_europe_ru/'
2026-07-06 00:44:30,378 INFO   players.csv      — 51 строк,путь к файлу:lol_output_europe_ru
2026-07-06 00:44:30,379 INFO   matches.csv      — 6 строк,путь к файлу:lol_output_europe_ru
2026-07-06 00:44:30,379 INFO   participants.csv — 60 строк,путь к файлу:lol_output_europe_ru
2026-07-06 00:46:30,370 INFO Данные собираем для региона: europe:tr1
2026-07-06 00:46:31,186 INFO   [1/3] получаем матчи для LW4MiD5YNaPh...
2026-07-06 00:46:31,799 INFO   [2/3] получаем матчи для CV_GlPGtuUhP...
2026-07-06 00:46:32,445 INFO   [3/3] получаем матчи для gKXgqta_M0I6...
2026-07-06 00:46:33,046 INFO   [1/6] загружаем матч TR1_1725145853...
2026-07-06 00:46:33,868 INFO   [2/6] загружаем матч TR1_1724988101...
2026-07-06 00:46:34,621 INFO   [3/6] загружаем матч TR1_1725247871...
2026-07-06 00:46:35,264 INFO   [4/6] загружаем матч TR1_1725226707...
2026-07-06 00:46:35,905 INFO   [5/6] загружаем матч TR1_1725247871...
2026-07-06 00:46:36,504 INFO   [6/6] загружаем матч TR1_1725226707...
2026-07-06 00:46:37,111 INFO Загружено матчей: 6
2026-07-06 00:46:37,111 INFO 
[2/3] TRANSFORM — разбиваем на таблицы
2026-07-06 00:46:37,115 INFO Игроков:    53
2026-07-06 00:46:37,115 INFO Матчей:     4
2026-07-06 00:46:37,115 INFO Участников: 76
2026-07-06 00:46:37,115 INFO 
[3/3] LOAD — сохраняем данные
2026-07-06 00:46:37,115 INFO 
  \u2192 CSV в 'lol_output_europe_tr1/'
2026-07-06 00:46:37,121 INFO   players.csv      — 53 строк,путь к файлу:lol_output_europe_tr1
2026-07-06 00:46:37,121 INFO   matches.csv      — 4 строк,путь к файлу:lol_output_europe_tr1
2026-07-06 00:46:37,121 INFO   participants.csv — 76 строк,путь к файлу:lol_output_europe_tr1
2026-07-06 00:48:37,113 INFO Данные собираем для региона: asia:kr
2026-07-06 00:48:38,866 INFO   [1/3] получаем матчи для bM88-RhHSRYR...
2026-07-06 00:48:40,235 INFO   [2/3] получаем матчи для 5AvzopaD-BKy...
2026-07-06 00:48:41,071 INFO   [3/3] получаем матчи для fvbKs6xPqmoC...
2026-07-06 00:48:41,905 INFO   [1/6] загружаем матч KR_8287379938...
2026-07-06 00:48:43,047 INFO   [2/6] загружаем матч KR_8287384069...
2026-07-06 00:48:44,197 INFO   [3/6] загружаем матч KR_8287414281...
2026-07-06 00:48:45,067 INFO   [4/6] загружаем матч KR_8287399413...
2026-07-06 00:48:45,915 INFO   [5/6] загружаем матч KR_8287114878...
2026-07-06 00:48:47,027 INFO   [6/6] загружаем матч KR_8287021948...
2026-07-06 00:48:47,915 INFO Загружено матчей: 6
2026-07-06 00:48:47,915 INFO 
[2/3] TRANSFORM — разбиваем на таблицы
2026-07-06 00:48:47,917 INFO Игроков:    71
2026-07-06 00:48:47,917 INFO Матчей:     6
2026-07-06 00:48:47,917 INFO Участников: 76
2026-07-06 00:48:47,917 INFO 
[3/3] LOAD — сохраняем данные
2026-07-06 00:48:47,917 INFO 
  \u2192 CSV в 'lol_output_asia_kr/'
2026-07-06 00:48:47,921 INFO   players.csv      — 71 строк,путь к файлу:lol_output_asia_kr
2026-07-06 00:48:47,921 INFO   matches.csv      — 6 строк,путь к файлу:lol_output_asia_kr
2026-07-06 00:48:47,921 INFO   participants.csv — 76 строк,путь к файлу:lol_output_asia_kr
2026-07-06 00:50:47,913 INFO Данные собираем для региона: asia:jp1
2026-07-06 00:50:49,299 INFO   [1/3] получаем матчи для rKVsXfcYqyK-...
2026-07-06 00:50:50,111 INFO   [2/3] получаем матчи для 4d_JoCcjuoqZ...
2026-07-06 00:50:50,948 INFO   [3/3] получаем матчи для 11ZsGfcCYd2f...
2026-07-06 00:50:51,787 INFO   [1/6] загружаем матч JP1_591445723...
2026-07-06 00:50:52,918 INFO   [2/6] загружаем матч JP1_591221074...
2026-07-06 00:50:54,099 INFO   [3/6] загружаем матч JP1_591407165...
2026-07-06 00:50:55,215 INFO   [4/6] загружаем матч JP1_591390797...
2026-07-06 00:50:56,304 INFO   [5/6] загружаем матч JP1_591437853...
2026-07-06 00:50:57,190 INFO   [6/6] загружаем матч JP1_590551384...
2026-07-06 00:50:58,324 INFO Загружено матчей: 6
2026-07-06 00:50:58,328 INFO 
[2/3] TRANSFORM — разбиваем на таблицы
2026-07-06 00:50:58,333 INFO Игроков:    56
2026-07-06 00:50:58,333 INFO Матчей:     6
2026-07-06 00:50:58,334 INFO Участников: 60
2026-07-06 00:50:58,334 INFO 
[3/3] LOAD — сохраняем данные
2026-07-06 00:50:58,334 INFO 
  \u2192 CSV в 'lol_output_asia_jp1/'
2026-07-06 00:50:58,342 INFO   players.csv      — 56 строк,путь к файлу:lol_output_asia_jp1
2026-07-06 00:50:58,342 INFO   matches.csv      — 6 строк,путь к файлу:lol_output_asia_jp1
2026-07-06 00:50:58,342 INFO   participants.csv — 60 строк,путь к файлу:lol_output_asia_jp1
2026-07-06 00:52:58,334 INFO Данные собираем для региона: sea:oc1
2026-07-06 00:52:59,543 INFO   [1/3] получаем матчи для gk6qIb4G3nWu...
2026-07-06 00:53:00,989 INFO   [2/3] получаем матчи для WK8HYjlzPq3u...
2026-07-06 00:53:01,933 INFO   [3/3] получаем матчи для _QIF6qpr2Jo8...
2026-07-06 00:53:02,929 INFO   [1/6] загружаем матч OC1_704951673...
2026-07-06 00:53:04,525 INFO   [2/6] загружаем матч OC1_704709670...
2026-07-06 00:53:06,068 INFO   [3/6] загружаем матч OC1_704962909...
2026-07-06 00:53:06,948 INFO   [4/6] загружаем матч OC1_704956335...
2026-07-06 00:53:07,850 INFO   [5/6] загружаем матч OC1_704972127...
2026-07-06 00:53:08,808 INFO   [6/6] загружаем матч OC1_704970440...
2026-07-06 00:53:09,955 INFO Загружено матчей: 6
2026-07-06 00:53:09,955 INFO 
[2/3] TRANSFORM — разбиваем на таблицы
2026-07-06 00:53:09,962 INFO Игроков:    67
2026-07-06 00:53:09,962 INFO Матчей:     6
2026-07-06 00:53:09,962 INFO Участников: 76
2026-07-06 00:53:09,962 INFO 
[3/3] LOAD — сохраняем данные
2026-07-06 00:53:09,963 INFO 
  \u2192 CSV в 'lol_output_sea_oc1/'
2026-07-06 00:53:09,967 INFO   players.csv      — 67 строк,путь к файлу:lol_output_sea_oc1
2026-07-06 00:53:09,967 INFO   matches.csv      — 6 строк,путь к файлу:lol_output_sea_oc1
2026-07-06 00:53:09,967 INFO   participants.csv — 76 строк,путь к файлу:lol_output_sea_oc1
2026-07-06 00:55:09,960 INFO Данные собираем для региона: sea:sg2
2026-07-06 00:55:11,694 INFO   [1/3] получаем матчи для P7cioAQPKfMP...
2026-07-06 00:55:12,590 INFO   [2/3] получаем матчи для WNFAZs6HmZZo...
2026-07-06 00:55:13,482 INFO   [3/3] получаем матчи для mvisXF0e1YVH...
2026-07-06 00:55:14,376 INFO   [1/6] загружаем матч SG2_162548152...
2026-07-06 00:55:15,314 INFO   [2/6] загружаем матч SG2_162543062...
2026-07-06 00:55:16,241 INFO   [3/6] загружаем матч SG2_162296709...
2026-07-06 00:55:17,254 INFO   [4/6] загружаем матч SG2_162292364...
2026-07-06 00:55:18,167 INFO   [5/6] загружаем матч SG2_162601886...
2026-07-06 00:55:19,096 INFO   [6/6] загружаем матч SG2_162589859...
2026-07-06 00:55:20,010 INFO Загружено матчей: 6
2026-07-06 00:55:20,010 INFO 
[2/3] TRANSFORM — разбиваем на таблицы
2026-07-06 00:55:20,012 INFO Игроков:    50
2026-07-06 00:55:20,012 INFO Матчей:     6
2026-07-06 00:55:20,012 INFO Участников: 60
2026-07-06 00:55:20,012 INFO 
[3/3] LOAD — сохраняем данные
2026-07-06 00:55:20,012 INFO 
  \u2192 CSV в 'lol_output_sea_sg2/'
2026-07-06 00:55:20,016 INFO   players.csv      — 50 строк,путь к файлу:lol_output_sea_sg2
2026-07-06 00:55:20,016 INFO   matches.csv      — 6 строк,путь к файлу:lol_output_sea_sg2
2026-07-06 00:55:20,016 INFO   participants.csv — 60 строк,путь к файлу:lol_output_sea_sg2
2026-07-06 00:57:20,011 INFO 
ETL завершён успешно.
