2026-07-05 23:58:18,374 INFO 
[1/3] EXTRACT — получаем данные из API
2026-07-05 23:58:18,374 INFO Данные собираем для региона: americas:na1
2026-07-05 23:58:19,371 INFO   [1/3] получаем матчи для gzzJ0Gg2Nk0n...
2026-07-05 23:58:20,156 INFO   [2/3] получаем матчи для NmVs4dbmj6_l...
2026-07-05 23:58:20,913 INFO   [3/3] получаем матчи для KSO3ObPb2gOy...
2026-07-05 23:58:21,674 INFO   [1/6] загружаем матч NA1_5595216085...
2026-07-05 23:58:22,475 INFO   [2/6] загружаем матч NA1_5595190512...
2026-07-05 23:58:23,248 INFO   [3/6] загружаем матч NA1_5593932028...
2026-07-05 23:58:24,000 INFO   [4/6] загружаем матч NA1_5593894723...
2026-07-05 23:58:24,801 INFO   [5/6] загружаем матч NA1_5595457533...
2026-07-05 23:58:25,575 INFO   [6/6] загружаем матч NA1_5595439620...
2026-07-05 23:58:26,377 INFO Загружено матчей: 6
2026-07-05 23:58:26,377 INFO 
[2/3] TRANSFORM — разбиваем на таблицы
2026-07-05 23:58:26,380 INFO Игроков:    55
2026-07-05 23:58:26,380 INFO Матчей:     6
2026-07-05 23:58:26,380 INFO Участников: 60
2026-07-05 23:58:26,380 INFO 
[3/3] LOAD — сохраняем данные
2026-07-05 23:58:26,380 INFO 
  \u2192 CSV в 'lol_output_americas_na1/'
2026-07-05 23:58:26,418 INFO   players.csv      — 55 строк,путь к файлу:lol_output_americas_na1
2026-07-05 23:58:26,418 INFO   matches.csv      — 6 строк,путь к файлу:lol_output_americas_na1
2026-07-05 23:58:26,418 INFO   participants.csv — 60 строк,путь к файлу:lol_output_americas_na1
2026-07-06 00:00:26,395 INFO Данные собираем для региона: americas:br1
2026-07-06 00:00:27,566 INFO   [1/3] получаем матчи для Nw2TPmGELDoI...
2026-07-06 00:00:28,277 INFO   [2/3] получаем матчи для OjIxLeRKow2h...
2026-07-06 00:00:29,042 INFO   [3/3] получаем матчи для 6IxU99HImHOH...
2026-07-06 00:00:29,801 INFO   [1/6] загружаем матч BR1_3259131307...
2026-07-06 00:00:30,790 INFO   [2/6] загружаем матч BR1_3259035617...
2026-07-06 00:00:31,607 INFO   [3/6] загружаем матч BR1_3258860084...
2026-07-06 00:00:32,423 INFO   [4/6] загружаем матч BR1_3258844706...
2026-07-06 00:00:33,255 INFO   [5/6] загружаем матч BR1_3258973277...
2026-07-06 00:00:34,119 INFO   [6/6] загружаем матч BR1_3258901395...
2026-07-06 00:00:34,881 INFO Загружено матчей: 6
2026-07-06 00:00:34,881 INFO 
[2/3] TRANSFORM — разбиваем на таблицы
2026-07-06 00:00:34,885 INFO Игроков:    53
2026-07-06 00:00:34,885 INFO Матчей:     6
2026-07-06 00:00:34,885 INFO Участников: 60
2026-07-06 00:00:34,886 INFO 
[3/3] LOAD — сохраняем данные
2026-07-06 00:00:34,886 INFO 
  \u2192 CSV в 'lol_output_americas_br1/'
2026-07-06 00:00:34,893 INFO   players.csv      — 53 строк,путь к файлу:lol_output_americas_br1
2026-07-06 00:00:34,893 INFO   matches.csv      — 6 строк,путь к файлу:lol_output_americas_br1
2026-07-06 00:00:34,894 INFO   participants.csv — 60 строк,путь к файлу:lol_output_americas_br1
2026-07-06 00:02:34,869 INFO Данные собираем для региона: americas:la1
2026-07-06 00:02:36,123 INFO   [1/3] получаем матчи для CoOo0Ouwu0vn...
2026-07-06 00:02:36,925 INFO   [2/3] получаем матчи для dFedGtEIssJn...
2026-07-06 00:02:37,711 INFO   [3/3] получаем матчи для PTNyejrZx9EL...
2026-07-06 00:02:38,479 INFO   [1/6] загружаем матч LA1_1731251636...
2026-07-06 00:02:39,268 INFO   [2/6] загружаем матч LA1_1731080145...
2026-07-06 00:02:40,131 INFO   [3/6] загружаем матч LA1_1731185490...
2026-07-06 00:02:40,973 INFO   [4/6] загружаем матч LA1_1731186057...
2026-07-06 00:02:41,991 INFO   [5/6] загружаем матч LA1_1731192570...
2026-07-06 00:02:42,867 INFO   [6/6] загружаем матч LA1_1731137814...
2026-07-06 00:02:43,714 INFO Загружено матчей: 6
2026-07-06 00:02:43,714 INFO 
[2/3] TRANSFORM — разбиваем на таблицы
2026-07-06 00:02:43,716 INFO Игроков:    55
2026-07-06 00:02:43,716 INFO Матчей:     6
2026-07-06 00:02:43,716 INFO Участников: 60
2026-07-06 00:02:43,716 INFO 
[3/3] LOAD — сохраняем данные
2026-07-06 00:02:43,716 INFO 
  \u2192 CSV в 'lol_output_americas_la1/'
2026-07-06 00:02:43,720 INFO   players.csv      — 55 строк,путь к файлу:lol_output_americas_la1
2026-07-06 00:02:43,720 INFO   matches.csv      — 6 строк,путь к файлу:lol_output_americas_la1
2026-07-06 00:02:43,720 INFO   participants.csv — 60 строк,путь к файлу:lol_output_americas_la1
2026-07-06 00:04:43,701 INFO Данные собираем для региона: americas:la2
2026-07-06 00:04:45,006 INFO   [1/3] получаем матчи для pHq37AxcAeoW...
2026-07-06 00:04:45,838 INFO   [2/3] получаем матчи для ZX1VZbc3hG7r...
2026-07-06 00:04:46,598 INFO   [3/3] получаем матчи для QM_mPVj4UTRR...
2026-07-06 00:04:47,425 INFO   [1/6] загружаем матч LA2_1606757528...
2026-07-06 00:04:48,349 INFO   [2/6] загружаем матч LA2_1606743837...
2026-07-06 00:04:49,204 INFO   [3/6] загружаем матч LA2_1607157979...
2026-07-06 00:04:50,247 INFO   [4/6] загружаем матч LA2_1607156145...
2026-07-06 00:04:51,273 INFO   [5/6] загружаем матч LA2_1604784430...
2026-07-06 00:04:52,395 INFO   [6/6] загружаем матч LA2_1604668842...
2026-07-06 00:04:53,280 INFO Загружено матчей: 6
2026-07-06 00:04:53,280 INFO 
[2/3] TRANSFORM — разбиваем на таблицы
2026-07-06 00:04:53,286 INFO Игроков:    71
2026-07-06 00:04:53,286 INFO Матчей:     6
2026-07-06 00:04:53,286 INFO Участников: 76
2026-07-06 00:04:53,286 INFO 
[3/3] LOAD — сохраняем данные
2026-07-06 00:04:53,286 INFO 
  \u2192 CSV в 'lol_output_americas_la2/'
2026-07-06 00:04:53,291 INFO   players.csv      — 71 строк,путь к файлу:lol_output_americas_la2
2026-07-06 00:04:53,291 INFO   matches.csv      — 6 строк,путь к файлу:lol_output_americas_la2
2026-07-06 00:04:53,291 INFO   participants.csv — 76 строк,путь к файлу:lol_output_americas_la2
2026-07-06 00:06:53,274 INFO Данные собираем для региона: europe:euw1
2026-07-06 00:06:54,165 INFO   [1/3] получаем матчи для UAPqgAeHaB9G...
2026-07-06 00:06:54,804 INFO   [2/3] получаем матчи для iD13AZGA5VO2...
2026-07-06 00:06:55,439 INFO   [3/3] получаем матчи для _SaWHreg98JS...
2026-07-06 00:06:56,084 INFO   [1/6] загружаем матч EUW1_7903341045...
2026-07-06 00:06:56,762 INFO   [2/6] загружаем матч EUW1_7903290156...
2026-07-06 00:06:57,437 INFO   [3/6] загружаем матч EUW1_7898064872...
2026-07-06 00:06:58,134 INFO   [4/6] загружаем матч EUW1_7897980110...
2026-07-06 00:06:58,826 INFO   [5/6] загружаем матч EUW1_7909947625...
2026-07-06 00:06:59,510 INFO   [6/6] загружаем матч EUW1_7909906734...
2026-07-06 00:07:00,182 INFO Загружено матчей: 6
2026-07-06 00:07:00,182 INFO 
[2/3] TRANSFORM — разбиваем на таблицы
2026-07-06 00:07:00,184 INFO Игроков:    53
2026-07-06 00:07:00,184 INFO Матчей:     6
2026-07-06 00:07:00,184 INFO Участников: 60
2026-07-06 00:07:00,184 INFO 
[3/3] LOAD — сохраняем данные
2026-07-06 00:07:00,184 INFO 
  \u2192 CSV в 'lol_output_europe_euw1/'
2026-07-06 00:07:00,188 INFO   players.csv      — 53 строк,путь к файлу:lol_output_europe_euw1
2026-07-06 00:07:00,188 INFO   matches.csv      — 6 строк,путь к файлу:lol_output_europe_euw1
2026-07-06 00:07:00,188 INFO   participants.csv — 60 строк,путь к файлу:lol_output_europe_euw1
2026-07-06 00:09:00,171 INFO Данные собираем для региона: europe:eun1
2026-07-06 00:09:00,997 INFO   [1/3] получаем матчи для DFSnpD99FHKq...
2026-07-06 00:09:01,649 INFO   [2/3] получаем матчи для F4lxIMRpmr_A...
2026-07-06 00:09:02,272 INFO   [3/3] получаем матчи для USNyjKhB1IBl...
2026-07-06 00:09:02,908 INFO   [1/6] загружаем матч EUN1_3974203369...
2026-07-06 00:09:03,598 INFO   [2/6] загружаем матч EUN1_3974181309...
2026-07-06 00:09:04,273 INFO   [3/6] загружаем матч EUN1_3974215143...
2026-07-06 00:09:04,938 INFO   [4/6] загружаем матч EUN1_3974188821...
2026-07-06 00:09:05,646 INFO   [5/6] загружаем матч EUN1_3974189338...
2026-07-06 00:09:06,341 INFO   [6/6] загружаем матч EUN1_3974158775...
2026-07-06 00:09:07,099 INFO Загружено матчей: 6
2026-07-06 00:09:07,099 INFO 
[2/3] TRANSFORM — разбиваем на таблицы
2026-07-06 00:09:07,102 INFO Игроков:    51
2026-07-06 00:09:07,102 INFO Матчей:     6
2026-07-06 00:09:07,102 INFO Участников: 60
2026-07-06 00:09:07,102 INFO 
[3/3] LOAD — сохраняем данные
2026-07-06 00:09:07,102 INFO 
  \u2192 CSV в 'lol_output_europe_eun1/'
2026-07-06 00:09:07,107 INFO   players.csv      — 51 строк,путь к файлу:lol_output_europe_eun1
2026-07-06 00:09:07,108 INFO   matches.csv      — 6 строк,путь к файлу:lol_output_europe_eun1
2026-07-06 00:09:07,108 INFO   participants.csv — 60 строк,путь к файлу:lol_output_europe_eun1
2026-07-06 00:11:07,091 INFO Данные собираем для региона: europe:ru
2026-07-06 00:11:07,891 INFO   [1/3] получаем матчи для S4BJMWPsiYa1...
2026-07-06 00:11:08,474 INFO   [2/3] получаем матчи для U-8i9MUnXix1...
2026-07-06 00:11:09,087 INFO   [3/3] получаем матчи для 9BqqOlDPXHJ6...
2026-07-06 00:11:09,711 INFO   [1/6] загружаем матч RU_563882330...
2026-07-06 00:11:10,382 INFO   [2/6] загружаем матч RU_563877125...
2026-07-06 00:11:11,076 INFO   [3/6] загружаем матч RU_563862945...
2026-07-06 00:11:11,711 INFO   [4/6] загружаем матч RU_563830150...
2026-07-06 00:11:12,376 INFO   [5/6] загружаем матч RU_562836428...
2026-07-06 00:11:13,075 INFO   [6/6] загружаем матч RU_562832434...
2026-07-06 00:11:13,837 INFO Загружено матчей: 6
2026-07-06 00:11:13,837 INFO 
[2/3] TRANSFORM — разбиваем на таблицы
2026-07-06 00:11:13,840 INFO Игроков:    51
2026-07-06 00:11:13,840 INFO Матчей:     6
2026-07-06 00:11:13,840 INFO Участников: 60
2026-07-06 00:11:13,840 INFO 
[3/3] LOAD — сохраняем данные
2026-07-06 00:11:13,841 INFO 
  \u2192 CSV в 'lol_output_europe_ru/'
2026-07-06 00:11:13,845 INFO   players.csv      — 51 строк,путь к файлу:lol_output_europe_ru
2026-07-06 00:11:13,845 INFO   matches.csv      — 6 строк,путь к файлу:lol_output_europe_ru
2026-07-06 00:11:13,845 INFO   participants.csv — 60 строк,путь к файлу:lol_output_europe_ru
2026-07-06 00:13:13,828 INFO Данные собираем для региона: europe:tr1
2026-07-06 00:13:14,573 INFO   [1/3] получаем матчи для LW4MiD5YNaPh...
2026-07-06 00:13:15,174 INFO   [2/3] получаем матчи для CV_GlPGtuUhP...
2026-07-06 00:13:15,757 INFO   [3/3] получаем матчи для gKXgqta_M0I6...
2026-07-06 00:13:16,387 INFO   [1/6] загружаем матч TR1_1725145853...
2026-07-06 00:13:17,097 INFO   [2/6] загружаем матч TR1_1724988101...
2026-07-06 00:13:17,821 INFO   [3/6] загружаем матч TR1_1725226707...
2026-07-06 00:13:18,418 INFO   [4/6] загружаем матч TR1_1725219407...
2026-07-06 00:13:19,041 INFO   [5/6] загружаем матч TR1_1725226707...
2026-07-06 00:13:19,664 INFO   [6/6] загружаем матч TR1_1725207089...
2026-07-06 00:13:20,393 INFO Загружено матчей: 6
2026-07-06 00:13:20,393 INFO 
[2/3] TRANSFORM — разбиваем на таблицы
2026-07-06 00:13:20,396 INFO Игроков:    63
2026-07-06 00:13:20,396 INFO Матчей:     5
2026-07-06 00:13:20,396 INFO Участников: 76
2026-07-06 00:13:20,396 INFO 
[3/3] LOAD — сохраняем данные
2026-07-06 00:13:20,396 INFO 
  \u2192 CSV в 'lol_output_europe_tr1/'
2026-07-06 00:13:20,403 INFO   players.csv      — 63 строк,путь к файлу:lol_output_europe_tr1
2026-07-06 00:13:20,403 INFO   matches.csv      — 5 строк,путь к файлу:lol_output_europe_tr1
2026-07-06 00:13:20,403 INFO   participants.csv — 76 строк,путь к файлу:lol_output_europe_tr1
2026-07-06 00:15:20,386 INFO Данные собираем для региона: asia:kr
2026-07-06 00:15:22,098 INFO   [1/3] получаем матчи для bM88-RhHSRYR...
2026-07-06 00:15:23,547 INFO   [2/3] получаем матчи для 5AvzopaD-BKy...
2026-07-06 00:15:24,361 INFO   [3/3] получаем матчи для fvbKs6xPqmoC...
2026-07-06 00:15:25,194 INFO   [1/6] загружаем матч KR_8287379938...
2026-07-06 00:15:26,324 INFO   [2/6] загружаем матч KR_8287384069...
2026-07-06 00:15:27,459 INFO   [3/6] загружаем матч KR_8287414281...
2026-07-06 00:15:28,350 INFO   [4/6] загружаем матч KR_8287399413...
2026-07-06 00:15:29,453 INFO   [5/6] загружаем матч KR_8287114878...
2026-07-06 00:15:30,563 INFO   [6/6] загружаем матч KR_8287021948...
2026-07-06 00:15:31,710 INFO Загружено матчей: 6
2026-07-06 00:15:31,710 INFO 
[2/3] TRANSFORM — разбиваем на таблицы
2026-07-06 00:15:31,716 INFO Игроков:    71
2026-07-06 00:15:31,716 INFO Матчей:     6
2026-07-06 00:15:31,716 INFO Участников: 76
2026-07-06 00:15:31,716 INFO 
[3/3] LOAD — сохраняем данные
2026-07-06 00:15:31,716 INFO 
  \u2192 CSV в 'lol_output_asia_kr/'
2026-07-06 00:15:31,725 INFO   players.csv      — 71 строк,путь к файлу:lol_output_asia_kr
2026-07-06 00:15:31,726 INFO   matches.csv      — 6 строк,путь к файлу:lol_output_asia_kr
2026-07-06 00:15:31,726 INFO   participants.csv — 76 строк,путь к файлу:lol_output_asia_kr
2026-07-06 00:17:31,709 INFO Данные собираем для региона: asia:jp1
2026-07-06 00:17:33,171 INFO   [1/3] получаем матчи для rKVsXfcYqyK-...
2026-07-06 00:17:34,095 INFO   [2/3] получаем матчи для 4d_JoCcjuoqZ...
2026-07-06 00:17:35,013 INFO   [3/3] получаем матчи для 11ZsGfcCYd2f...
2026-07-06 00:17:35,906 INFO   [1/6] загружаем матч JP1_591445723...
2026-07-06 00:17:37,097 INFO   [2/6] загружаем матч JP1_591221074...
2026-07-06 00:17:37,973 INFO   [3/6] загружаем матч JP1_591407165...
2026-07-06 00:17:38,869 INFO   [4/6] загружаем матч JP1_591390797...
2026-07-06 00:17:39,726 INFO   [5/6] загружаем матч JP1_591437853...
2026-07-06 00:17:40,725 INFO   [6/6] загружаем матч JP1_590551384...
2026-07-06 00:17:41,867 INFO Загружено матчей: 6
2026-07-06 00:17:41,867 INFO 
[2/3] TRANSFORM — разбиваем на таблицы
2026-07-06 00:17:41,877 INFO Игроков:    56
2026-07-06 00:17:41,878 INFO Матчей:     6
2026-07-06 00:17:41,878 INFO Участников: 60
2026-07-06 00:17:41,878 INFO 
[3/3] LOAD — сохраняем данные
2026-07-06 00:17:41,878 INFO 
  \u2192 CSV в 'lol_output_asia_jp1/'
2026-07-06 00:17:41,886 INFO   players.csv      — 56 строк,путь к файлу:lol_output_asia_jp1
2026-07-06 00:17:41,886 INFO   matches.csv      — 6 строк,путь к файлу:lol_output_asia_jp1
2026-07-06 00:17:41,886 INFO   participants.csv — 60 строк,путь к файлу:lol_output_asia_jp1
2026-07-06 00:19:41,869 INFO Данные собираем для региона: sea:oc1
2026-07-06 00:19:43,122 INFO   [1/3] получаем матчи для gk6qIb4G3nWu...
2026-07-06 00:19:44,545 INFO   [2/3] получаем матчи для WK8HYjlzPq3u...
2026-07-06 00:19:45,431 INFO   [3/3] получаем матчи для _QIF6qpr2Jo8...
2026-07-06 00:19:46,312 INFO   [1/6] загружаем матч OC1_704951673...
2026-07-06 00:19:47,561 INFO   [2/6] загружаем матч OC1_704709670...
2026-07-06 00:19:48,862 INFO   [3/6] загружаем матч OC1_704962909...
2026-07-06 00:19:49,810 INFO   [4/6] загружаем матч OC1_704956335...
2026-07-06 00:19:50,747 INFO   [5/6] загружаем матч OC1_704972127...
2026-07-06 00:19:51,816 INFO   [6/6] загружаем матч OC1_704970440...
2026-07-06 00:19:52,760 INFO Загружено матчей: 6
2026-07-06 00:19:52,760 INFO 
[2/3] TRANSFORM — разбиваем на таблицы
2026-07-06 00:19:52,763 INFO Игроков:    67
2026-07-06 00:19:52,763 INFO Матчей:     6
2026-07-06 00:19:52,763 INFO Участников: 76
2026-07-06 00:19:52,763 INFO 
[3/3] LOAD — сохраняем данные
2026-07-06 00:19:52,763 INFO 
  \u2192 CSV в 'lol_output_sea_oc1/'
2026-07-06 00:19:52,767 INFO   players.csv      — 67 строк,путь к файлу:lol_output_sea_oc1
2026-07-06 00:19:52,767 INFO   matches.csv      — 6 строк,путь к файлу:lol_output_sea_oc1
2026-07-06 00:19:52,767 INFO   participants.csv — 76 строк,путь к файлу:lol_output_sea_oc1
2026-07-06 00:21:52,755 INFO Данные собираем для региона: sea:sg2
2026-07-06 00:21:54,520 INFO   [1/3] получаем матчи для P7cioAQPKfMP...
2026-07-06 00:21:55,418 INFO   [2/3] получаем матчи для WNFAZs6HmZZo...
2026-07-06 00:21:56,837 INFO   [3/3] получаем матчи для mvisXF0e1YVH...
2026-07-06 00:21:57,754 INFO   [1/6] загружаем матч SG2_162548152...
2026-07-06 00:21:58,719 INFO   [2/6] загружаем матч SG2_162543062...
2026-07-06 00:21:59,677 INFO   [3/6] загружаем матч SG2_162296709...
2026-07-06 00:22:00,843 INFO   [4/6] загружаем матч SG2_162292364...
2026-07-06 00:22:01,929 INFO   [5/6] загружаем матч SG2_162601886...
2026-07-06 00:22:02,891 INFO   [6/6] загружаем матч SG2_162589859...
2026-07-06 00:22:04,074 INFO Загружено матчей: 6
2026-07-06 00:22:04,074 INFO 
[2/3] TRANSFORM — разбиваем на таблицы
2026-07-06 00:22:04,076 INFO Игроков:    50
2026-07-06 00:22:04,076 INFO Матчей:     6
2026-07-06 00:22:04,076 INFO Участников: 60
2026-07-06 00:22:04,077 INFO 
[3/3] LOAD — сохраняем данные
2026-07-06 00:22:04,077 INFO 
  \u2192 CSV в 'lol_output_sea_sg2/'
2026-07-06 00:22:04,081 INFO   players.csv      — 50 строк,путь к файлу:lol_output_sea_sg2
2026-07-06 00:22:04,081 INFO   matches.csv      — 6 строк,путь к файлу:lol_output_sea_sg2
2026-07-06 00:22:04,081 INFO   participants.csv — 60 строк,путь к файлу:lol_output_sea_sg2
2026-07-06 00:24:04,069 INFO 
ETL завершён успешно.
