2026-07-04 19:09:11,572 INFO 
[1/3] EXTRACT — получаем данные из API
2026-07-04 19:09:11,573 INFO Данные собираем для региона: americas:na1
2026-07-04 19:09:13,114 INFO   [1/3] получаем матчи для NmVs4dbmj6_l...
2026-07-04 19:09:14,436 INFO   [2/3] получаем матчи для KSO3ObPb2gOy...
2026-07-04 19:09:15,427 INFO   [3/3] получаем матчи для gzzJ0Gg2Nk0n...
2026-07-04 19:09:16,585 INFO   [1/6] загружаем матч NA1_5593932028...
2026-07-04 19:09:17,684 INFO   [2/6] загружаем матч NA1_5593894723...
2026-07-04 19:09:19,120 INFO   [3/6] загружаем матч NA1_5594773306...
2026-07-04 19:09:20,693 INFO   [4/6] загружаем матч NA1_5594742033...
2026-07-04 19:09:22,085 INFO   [5/6] загружаем матч NA1_5594625341...
2026-07-04 19:09:23,479 INFO   [6/6] загружаем матч NA1_5594586350...
2026-07-04 19:09:24,677 INFO Загружено матчей: 6
2026-07-04 19:09:24,677 INFO 
[2/3] TRANSFORM — разбиваем на таблицы
2026-07-04 19:09:24,688 INFO Игроков:    53
2026-07-04 19:09:24,688 INFO Матчей:     6
2026-07-04 19:09:24,689 INFO Участников: 60
2026-07-04 19:09:24,689 INFO 
[3/3] LOAD — сохраняем данные
2026-07-04 19:09:24,689 INFO 
  \u2192 CSV в 'lol_output_americas_na1/'
2026-07-04 19:09:24,705 INFO   players.csv      — 53 строк,путь к файлу:lol_output_americas_na1
2026-07-04 19:09:24,706 INFO   matches.csv      — 6 строк,путь к файлу:lol_output_americas_na1
2026-07-04 19:09:24,706 INFO   participants.csv — 60 строк,путь к файлу:lol_output_americas_na1
2026-07-04 19:09:24,706 INFO Данные собираем для региона: americas:br1
2026-07-04 19:09:26,521 INFO   [1/3] получаем матчи для Nw2TPmGELDoI...
2026-07-04 19:09:27,707 INFO   [2/3] получаем матчи для OjIxLeRKow2h...
2026-07-04 19:09:28,778 INFO   [3/3] получаем матчи для 6IxU99HImHOH...
2026-07-04 19:09:29,954 INFO   [1/6] загружаем матч BR1_3258769114...
2026-07-04 19:09:31,232 INFO   [2/6] загружаем матч BR1_3258767065...
2026-07-04 19:09:32,797 INFO   [3/6] загружаем матч BR1_3258819052...
2026-07-04 19:09:34,125 INFO   [4/6] загружаем матч BR1_3258810211...
2026-07-04 19:09:35,559 INFO   [5/6] загружаем матч BR1_3258806922...
2026-07-04 19:09:36,863 INFO   [6/6] загружаем матч BR1_3258796541...
2026-07-04 19:09:38,412 INFO Загружено матчей: 6
2026-07-04 19:09:38,412 INFO 
[2/3] TRANSFORM — разбиваем на таблицы
2026-07-04 19:09:38,417 INFO Игроков:    50
2026-07-04 19:09:38,417 INFO Матчей:     6
2026-07-04 19:09:38,417 INFO Участников: 60
2026-07-04 19:09:38,418 INFO 
[3/3] LOAD — сохраняем данные
2026-07-04 19:09:38,418 INFO 
  \u2192 CSV в 'lol_output_americas_br1/'
2026-07-04 19:09:38,426 INFO   players.csv      — 50 строк,путь к файлу:lol_output_americas_br1
2026-07-04 19:09:38,427 INFO   matches.csv      — 6 строк,путь к файлу:lol_output_americas_br1
2026-07-04 19:09:38,427 INFO   participants.csv — 60 строк,путь к файлу:lol_output_americas_br1
2026-07-04 19:09:38,427 INFO Данные собираем для региона: americas:la1
2026-07-04 19:09:40,201 INFO   [1/3] получаем матчи для CoOo0Ouwu0vn...
2026-07-04 19:09:41,264 INFO   [2/3] получаем матчи для dFedGtEIssJn...
2026-07-04 19:09:42,416 INFO   [3/3] получаем матчи для zPS1eELcsh4t...
2026-07-04 19:09:43,516 INFO   [1/6] загружаем матч LA1_1730265458...
2026-07-04 19:09:44,763 INFO   [2/6] загружаем матч LA1_1730261143...
2026-07-04 19:09:46,111 INFO   [3/6] загружаем матч LA1_1730877026...
2026-07-04 19:09:47,630 INFO   [4/6] загружаем матч LA1_1730862399...
2026-07-04 19:09:49,065 INFO   [5/6] загружаем матч LA1_1728779131...
2026-07-04 19:09:50,370 INFO   [6/6] загружаем матч LA1_1728636347...
2026-07-04 19:09:52,336 INFO Загружено матчей: 6
2026-07-04 19:09:52,336 INFO 
[2/3] TRANSFORM — разбиваем на таблицы
2026-07-04 19:09:52,341 INFO Игроков:    52
2026-07-04 19:09:52,341 INFO Матчей:     6
2026-07-04 19:09:52,341 INFO Участников: 60
2026-07-04 19:09:52,341 INFO 
[3/3] LOAD — сохраняем данные
2026-07-04 19:09:52,341 INFO 
  \u2192 CSV в 'lol_output_americas_la1/'
2026-07-04 19:09:52,350 INFO   players.csv      — 52 строк,путь к файлу:lol_output_americas_la1
2026-07-04 19:09:52,350 INFO   matches.csv      — 6 строк,путь к файлу:lol_output_americas_la1
2026-07-04 19:09:52,350 INFO   participants.csv — 60 строк,путь к файлу:lol_output_americas_la1
2026-07-04 19:09:52,350 INFO Данные собираем для региона: americas:la2
2026-07-04 19:09:53,873 INFO   [1/3] получаем матчи для pHq37AxcAeoW...
2026-07-04 19:09:55,427 INFO   [2/3] получаем матчи для ZX1VZbc3hG7r...
2026-07-04 19:09:56,441 INFO   [3/3] получаем матчи для QM_mPVj4UTRR...
2026-07-04 19:09:57,647 INFO   [1/6] загружаем матч LA2_1606757528...
2026-07-04 19:09:58,879 INFO   [2/6] загружаем матч LA2_1606743837...
2026-07-04 19:10:00,670 INFO   [3/6] загружаем матч LA2_1607058649...
2026-07-04 19:10:01,954 INFO   [4/6] загружаем матч LA2_1607053059...
2026-07-04 19:10:03,390 INFO   [5/6] загружаем матч LA2_1604784430...
2026-07-04 19:10:04,653 INFO   [6/6] загружаем матч LA2_1604668842...
2026-07-04 19:10:05,719 INFO Загружено матчей: 6
2026-07-04 19:10:05,720 INFO 
[2/3] TRANSFORM — разбиваем на таблицы
2026-07-04 19:10:05,728 INFO Игроков:    69
2026-07-04 19:10:05,729 INFO Матчей:     6
2026-07-04 19:10:05,729 INFO Участников: 76
2026-07-04 19:10:05,729 INFO 
[3/3] LOAD — сохраняем данные
2026-07-04 19:10:05,729 INFO 
  \u2192 CSV в 'lol_output_americas_la2/'
2026-07-04 19:10:05,745 INFO   players.csv      — 69 строк,путь к файлу:lol_output_americas_la2
2026-07-04 19:10:05,746 INFO   matches.csv      — 6 строк,путь к файлу:lol_output_americas_la2
2026-07-04 19:10:05,746 INFO   participants.csv — 76 строк,путь к файлу:lol_output_americas_la2
2026-07-04 19:10:05,746 INFO Данные собираем для региона: europe:euw1
2026-07-04 19:10:07,065 INFO   [1/3] получаем матчи для XXlD9Fv1Qg9G...
2026-07-04 19:10:08,055 INFO   [2/3] получаем матчи для UAPqgAeHaB9G...
2026-07-04 19:10:08,974 INFO   [3/3] получаем матчи для iD13AZGA5VO2...
2026-07-04 19:10:09,937 INFO   [1/6] загружаем матч EUW1_7908464521...
2026-07-04 19:10:10,862 INFO   [2/6] загружаем матч EUW1_7908427333...
2026-07-04 19:10:11,741 INFO   [3/6] загружаем матч EUW1_7903341045...
2026-07-04 19:10:12,603 INFO   [4/6] загружаем матч EUW1_7903290156...
2026-07-04 19:10:13,649 INFO   [5/6] загружаем матч EUW1_7898064872...
2026-07-04 19:10:14,668 INFO   [6/6] загружаем матч EUW1_7897980110...
2026-07-04 19:10:15,658 INFO Загружено матчей: 6
2026-07-04 19:10:15,658 INFO 
[2/3] TRANSFORM — разбиваем на таблицы
2026-07-04 19:10:15,663 INFO Игроков:    50
2026-07-04 19:10:15,663 INFO Матчей:     6
2026-07-04 19:10:15,663 INFO Участников: 60
2026-07-04 19:10:15,663 INFO 
[3/3] LOAD — сохраняем данные
2026-07-04 19:10:15,664 INFO 
  \u2192 CSV в 'lol_output_europe_euw1/'
2026-07-04 19:10:15,676 INFO   players.csv      — 50 строк,путь к файлу:lol_output_europe_euw1
2026-07-04 19:10:15,677 INFO   matches.csv      — 6 строк,путь к файлу:lol_output_europe_euw1
2026-07-04 19:10:15,677 INFO   participants.csv — 60 строк,путь к файлу:lol_output_europe_euw1
2026-07-04 19:10:15,677 INFO Данные собираем для региона: europe:eun1
2026-07-04 19:10:16,815 INFO   [1/3] получаем матчи для DFSnpD99FHKq...
2026-07-04 19:10:17,660 INFO   [2/3] получаем матчи для F4lxIMRpmr_A...
2026-07-04 19:10:18,606 INFO   [3/3] получаем матчи для mk5w5DiNX-mw...
2026-07-04 19:10:19,448 INFO   [1/6] загружаем матч EUN1_3973549702...
2026-07-04 19:10:20,441 INFO   [2/6] загружаем матч EUN1_3973448935...
2026-07-04 19:10:21,407 INFO   [3/6] загружаем матч EUN1_3973116568...
2026-07-04 19:10:22,348 INFO   [4/6] загружаем матч EUN1_3973090564...
2026-07-04 19:10:23,260 INFO   [5/6] загружаем матч EUN1_3973434953...
2026-07-04 19:10:24,277 INFO   [6/6] загружаем матч EUN1_3973430869...
2026-07-04 19:10:25,147 INFO Загружено матчей: 6
2026-07-04 19:10:25,147 INFO 
[2/3] TRANSFORM — разбиваем на таблицы
2026-07-04 19:10:25,155 INFO Игроков:    54
2026-07-04 19:10:25,155 INFO Матчей:     6
2026-07-04 19:10:25,156 INFO Участников: 60
2026-07-04 19:10:25,156 INFO 
[3/3] LOAD — сохраняем данные
2026-07-04 19:10:25,156 INFO 
  \u2192 CSV в 'lol_output_europe_eun1/'
2026-07-04 19:10:25,170 INFO   players.csv      — 54 строк,путь к файлу:lol_output_europe_eun1
2026-07-04 19:10:25,170 INFO   matches.csv      — 6 строк,путь к файлу:lol_output_europe_eun1
2026-07-04 19:10:25,170 INFO   participants.csv — 60 строк,путь к файлу:lol_output_europe_eun1
2026-07-04 19:10:25,171 INFO Данные собираем для региона: europe:ru
2026-07-04 19:10:26,216 INFO   [1/3] получаем матчи для S4BJMWPsiYa1...
2026-07-04 19:10:27,016 INFO   [2/3] получаем матчи для U-8i9MUnXix1...
2026-07-04 19:10:27,825 INFO   [3/3] получаем матчи для 9BqqOlDPXHJ6...
2026-07-04 19:10:28,703 INFO   [1/6] загружаем матч RU_563759428...
2026-07-04 19:10:29,747 INFO   [2/6] загружаем матч RU_563703241...
2026-07-04 19:10:30,703 INFO   [3/6] загружаем матч RU_563749822...
2026-07-04 19:10:31,606 INFO   [4/6] загружаем матч RU_563749154...
2026-07-04 19:10:32,557 INFO   [5/6] загружаем матч RU_562836428...
2026-07-04 19:10:33,700 INFO   [6/6] загружаем матч RU_562832434...
2026-07-04 19:10:34,623 INFO Загружено матчей: 6
2026-07-04 19:10:34,623 INFO 
[2/3] TRANSFORM — разбиваем на таблицы
2026-07-04 19:10:34,632 INFO Игроков:    56
2026-07-04 19:10:34,632 INFO Матчей:     6
2026-07-04 19:10:34,632 INFO Участников: 60
2026-07-04 19:10:34,633 INFO 
[3/3] LOAD — сохраняем данные
2026-07-04 19:10:34,633 INFO 
  \u2192 CSV в 'lol_output_europe_ru/'
2026-07-04 19:10:34,648 INFO   players.csv      — 56 строк,путь к файлу:lol_output_europe_ru
2026-07-04 19:10:34,648 INFO   matches.csv      — 6 строк,путь к файлу:lol_output_europe_ru
2026-07-04 19:10:34,649 INFO   participants.csv — 60 строк,путь к файлу:lol_output_europe_ru
2026-07-04 19:10:34,649 INFO Данные собираем для региона: europe:tr
