2026-07-04 18:58:12,442 INFO 
[1/3] EXTRACT — получаем данные из API
2026-07-04 18:58:12,442 INFO Данные собираем для региона: america:na1
2026-07-04 18:58:12,443 INFO Данные собираем для региона: america:br1
2026-07-04 18:58:12,443 INFO Данные собираем для региона: america:la1
2026-07-04 18:58:12,443 INFO Данные собираем для региона: america:la2
2026-07-04 18:58:12,443 INFO Данные собираем для региона: europe:euw1
2026-07-04 18:58:12,443 INFO Данные собираем для региона: europe:eun1
2026-07-04 18:58:12,443 INFO Данные собираем для региона: europe:ru
2026-07-04 18:58:12,443 INFO Данные собираем для региона: europe:tr
2026-07-04 18:58:12,446 INFO Данные собираем для региона: asia:kr
2026-07-04 18:58:12,447 INFO Данные собираем для региона: asia:jp1
2026-07-04 18:58:12,447 INFO Данные собираем для региона: sea:oc1
2026-07-04 18:58:12,447 INFO Данные собираем для региона: sea:sg2
2026-07-04 18:58:15,019 INFO   [1/3] получаем матчи для P7cioAQPKfMP...
2026-07-04 18:58:17,084 INFO   [2/3] получаем матчи для WNFAZs6HmZZo...
2026-07-04 18:58:18,511 INFO   [3/3] получаем матчи для mvisXF0e1YVH...
2026-07-04 18:58:20,427 INFO   [1/6] загружаем матч SG2_162297976...
2026-07-04 18:58:21,826 INFO   [2/6] загружаем матч SG2_162285405...
2026-07-04 18:58:23,506 INFO   [3/6] загружаем матч SG2_162296709...
2026-07-04 18:58:24,892 INFO   [4/6] загружаем матч SG2_162292364...
2026-07-04 18:58:26,312 INFO   [5/6] загружаем матч SG2_162400238...
2026-07-04 18:58:27,834 INFO   [6/6] загружаем матч SG2_162390197...
2026-07-04 18:58:29,270 INFO Загружено матчей: 6
2026-07-04 18:58:29,270 INFO 
[2/3] TRANSFORM — разбиваем на таблицы
2026-07-04 18:58:29,306 INFO Игроков:    60
2026-07-04 18:58:29,306 INFO Матчей:     6
2026-07-04 18:58:29,306 INFO Участников: 68
2026-07-04 18:58:29,307 INFO 
[3/3] LOAD — сохраняем данные
2026-07-04 18:58:29,307 INFO 
  \u2192 CSV в 'lol_output/'
2026-07-04 18:58:29,395 INFO   players.csv      — 60 строк,путь к файлу:lol_output
2026-07-04 18:58:29,396 INFO   matches.csv      — 6 строк,путь к файлу:lol_output
2026-07-04 18:58:29,396 INFO   participants.csv — 68 строк,путь к файлу:lol_output
2026-07-04 18:58:29,396 INFO 
ETL завершён успешно.
