2026-07-04 19:06:21,441 INFO 
[1/3] EXTRACT — получаем данные из API
2026-07-04 19:06:21,442 INFO Данные собираем для региона: america:na1
2026-07-04 19:06:23,125 INFO   [1/3] получаем матчи для NmVs4dbmj6_l...
2026-07-04 19:06:23,134 WARNING   \u26a0 Ошибка для NmVs4dbmj6_l: HTTPSConnectionPool(host='america.api.riotgames.com', port=443): Max retries exceeded with url: /lol/match/v5/matches/by-puuid/NmVs4dbmj6_lSMQYMCL4RkaqSE7YdZ0P2MtmJfxvRSvCPrw4dBUb8wzlf6zo1Ltg7cJjKho1RfzILw/ids?start=0&count=2 (Caused by NameResolutionError("<urllib3.connection.HTTPSConnection object at 0x0000015937986E90>: Failed to resolve 'america.api.riotgames.com' ([Errno 11001] getaddrinfo failed)"))
2026-07-04 19:06:23,144 INFO   [2/3] получаем матчи для KSO3ObPb2gOy...
2026-07-04 19:06:23,148 WARNING   \u26a0 Ошибка для KSO3ObPb2gOy: HTTPSConnectionPool(host='america.api.riotgames.com', port=443): Max retries exceeded with url: /lol/match/v5/matches/by-puuid/KSO3ObPb2gOy4SIWE2OiJcsZudlV0FJd-cGU1vaebzaGKklvDLUMJw0DCh4Lw6aq9XXM37gzqe3Kwg/ids?start=0&count=2 (Caused by NameResolutionError("<urllib3.connection.HTTPSConnection object at 0x0000015937987110>: Failed to resolve 'america.api.riotgames.com' ([Errno 11001] getaddrinfo failed)"))
2026-07-04 19:06:23,149 INFO   [3/3] получаем матчи для gzzJ0Gg2Nk0n...
2026-07-04 19:06:23,153 WARNING   \u26a0 Ошибка для gzzJ0Gg2Nk0n: HTTPSConnectionPool(host='america.api.riotgames.com', port=443): Max retries exceeded with url: /lol/match/v5/matches/by-puuid/gzzJ0Gg2Nk0nI3uVwAl58fr_QWs6lGqShpVMQ9KYguil-DpMtUKGb4bGXmMvDfjm2058kKisQZfSsw/ids?start=0&count=2 (Caused by NameResolutionError("<urllib3.connection.HTTPSConnection object at 0x00000159379874D0>: Failed to resolve 'america.api.riotgames.com' ([Errno 11001] getaddrinfo failed)"))
2026-07-04 19:06:23,154 INFO Загружено матчей: 0
2026-07-04 19:06:23,154 INFO 
[2/3] TRANSFORM — разбиваем на таблицы
2026-07-04 19:06:23,161 INFO Игроков:    0
2026-07-04 19:06:23,161 INFO Матчей:     0
2026-07-04 19:06:23,162 INFO Участников: 0
2026-07-04 19:06:23,162 INFO 
[3/3] LOAD — сохраняем данные
2026-07-04 19:06:23,162 INFO 
  \u2192 CSV в 'lol_output_america_na1/'
2026-07-04 19:06:23,176 INFO   players.csv      — 0 строк,путь к файлу:lol_output_america_na1
2026-07-04 19:06:23,176 INFO   matches.csv      — 0 строк,путь к файлу:lol_output_america_na1
2026-07-04 19:06:23,177 INFO   participants.csv — 0 строк,путь к файлу:lol_output_america_na1
2026-07-04 19:06:23,177 INFO Данные собираем для региона: america:br1
2026-07-04 19:06:24,862 INFO   [1/3] получаем матчи для Nw2TPmGELDoI...
2026-07-04 19:06:24,867 WARNING   \u26a0 Ошибка для Nw2TPmGELDoI: HTTPSConnectionPool(host='america.api.riotgames.com', port=443): Max retries exceeded with url: /lol/match/v5/matches/by-puuid/Nw2TPmGELDoICQMTndsOswAY0bJumlXxl08AuzMEJi-0CRPXffvUYZJE6sDX9deLb2QQf_YUNG_gCQ/ids?start=0&count=2 (Caused by NameResolutionError("<urllib3.connection.HTTPSConnection object at 0x00000159379874D0>: Failed to resolve 'america.api.riotgames.com' ([Errno 11001] getaddrinfo failed)"))
2026-07-04 19:06:24,868 INFO   [2/3] получаем матчи для OjIxLeRKow2h...
2026-07-04 19:06:24,873 WARNING   \u26a0 Ошибка для OjIxLeRKow2h: HTTPSConnectionPool(host='america.api.riotgames.com', port=443): Max retries exceeded with url: /lol/match/v5/matches/by-puuid/OjIxLeRKow2h4WeZGhnHSi7mEVzOxH9Au6Bdjg5nCEcf-g1ZQPMsptJqheQpMYco2JZ0QAsGSXS7Ew/ids?start=0&count=2 (Caused by NameResolutionError("<urllib3.connection.HTTPSConnection object at 0x0000015937987C50>: Failed to resolve 'america.api.riotgames.com' ([Errno 11001] getaddrinfo failed)"))
2026-07-04 19:06:24,873 INFO   [3/3] получаем матчи для 6IxU99HImHOH...
2026-07-04 19:06:24,878 WARNING   \u26a0 Ошибка для 6IxU99HImHOH: HTTPSConnectionPool(host='america.api.riotgames.com', port=443): Max retries exceeded with url: /lol/match/v5/matches/by-puuid/6IxU99HImHOHmx10hC1hpXZTCOFGJ8jkDHvzCTuoLMEgk8hRi2xqH6NKRaolwhtWJEoeiyqwx0dEKA/ids?start=0&count=2 (Caused by NameResolutionError("<urllib3.connection.HTTPSConnection object at 0x0000015937986350>: Failed to resolve 'america.api.riotgames.com' ([Errno 11001] getaddrinfo failed)"))
2026-07-04 19:06:24,878 INFO Загружено матчей: 0
2026-07-04 19:06:24,878 INFO 
[2/3] TRANSFORM — разбиваем на таблицы
2026-07-04 19:06:24,882 INFO Игроков:    0
2026-07-04 19:06:24,883 INFO Матчей:     0
2026-07-04 19:06:24,883 INFO Участников: 0
2026-07-04 19:06:24,883 INFO 
[3/3] LOAD — сохраняем данные
2026-07-04 19:06:24,883 INFO 
  \u2192 CSV в 'lol_output_america_br1/'
2026-07-04 19:06:24,892 INFO   players.csv      — 0 строк,путь к файлу:lol_output_america_br1
2026-07-04 19:06:24,893 INFO   matches.csv      — 0 строк,путь к файлу:lol_output_america_br1
2026-07-04 19:06:24,893 INFO   participants.csv — 0 строк,путь к файлу:lol_output_america_br1
2026-07-04 19:06:24,893 INFO Данные собираем для региона: america:la1
2026-07-04 19:06:26,780 INFO   [1/3] получаем матчи для CoOo0Ouwu0vn...
2026-07-04 19:06:26,786 WARNING   \u26a0 Ошибка для CoOo0Ouwu0vn: HTTPSConnectionPool(host='america.api.riotgames.com', port=443): Max retries exceeded with url: /lol/match/v5/matches/by-puuid/CoOo0Ouwu0vnqJ22pXTR3UGH9KRXyudO77cMBiUYMMEECd6lwaOsLkhNQiyqodZfOad9ucdQEDaZuw/ids?start=0&count=2 (Caused by NameResolutionError("<urllib3.connection.HTTPSConnection object at 0x0000015937986490>: Failed to resolve 'america.api.riotgames.com' ([Errno 11001] getaddrinfo failed)"))
2026-07-04 19:06:26,786 INFO   [2/3] получаем матчи для dFedGtEIssJn...
2026-07-04 19:06:26,791 WARNING   \u26a0 Ошибка для dFedGtEIssJn: HTTPSConnectionPool(host='america.api.riotgames.com', port=443): Max retries exceeded with url: /lol/match/v5/matches/by-puuid/dFedGtEIssJn4rOtClxK9RZlMpLmjWz28MZgBzbBeQdmJlPBvABiFIn6wVzy3PskUZ2L7f0HxleVcQ/ids?start=0&count=2 (Caused by NameResolutionError("<urllib3.connection.HTTPSConnection object at 0x0000015937986210>: Failed to resolve 'america.api.riotgames.com' ([Errno 11001] getaddrinfo failed)"))
2026-07-04 19:06:26,791 INFO   [3/3] получаем матчи для zPS1eELcsh4t...
2026-07-04 19:06:26,796 WARNING   \u26a0 Ошибка для zPS1eELcsh4t: HTTPSConnectionPool(host='america.api.riotgames.com', port=443): Max retries exceeded with url: /lol/match/v5/matches/by-puuid/zPS1eELcsh4tBsFkOl6sNQjQ_yd4zSScf4BiV61SLB6EPufXge6oe8WZ0-bDiDU3QcnWAsnH1E-Rmg/ids?start=0&count=2 (Caused by NameResolutionError("<urllib3.connection.HTTPSConnection object at 0x0000015937986710>: Failed to resolve 'america.api.riotgames.com' ([Errno 11001] getaddrinfo failed)"))
2026-07-04 19:06:26,796 INFO Загружено матчей: 0
2026-07-04 19:06:26,796 INFO 
[2/3] TRANSFORM — разбиваем на таблицы
2026-07-04 19:06:26,801 INFO Игроков:    0
2026-07-04 19:06:26,801 INFO Матчей:     0
2026-07-04 19:06:26,801 INFO Участников: 0
2026-07-04 19:06:26,801 INFO 
[3/3] LOAD — сохраняем данные
2026-07-04 19:06:26,802 INFO 
  \u2192 CSV в 'lol_output_america_la1/'
2026-07-04 19:06:26,812 INFO   players.csv      — 0 строк,путь к файлу:lol_output_america_la1
2026-07-04 19:06:26,813 INFO   matches.csv      — 0 строк,путь к файлу:lol_output_america_la1
2026-07-04 19:06:26,813 INFO   participants.csv — 0 строк,путь к файлу:lol_output_america_la1
2026-07-04 19:06:26,813 INFO Данные собираем для региона: america:la2
2026-07-04 19:06:28,518 INFO   [1/3] получаем матчи для pHq37AxcAeoW...
2026-07-04 19:06:28,525 WARNING   \u26a0 Ошибка для pHq37AxcAeoW: HTTPSConnectionPool(host='america.api.riotgames.com', port=443): Max retries exceeded with url: /lol/match/v5/matches/by-puuid/pHq37AxcAeoWYiaMYtQBbo-GXfa6ZXPC_McGee_zFrFUki3XHIEYowGNtABtnTUQ9sbhv3cjErLv_w/ids?start=0&count=2 (Caused by NameResolutionError("<urllib3.connection.HTTPSConnection object at 0x0000015937986E90>: Failed to resolve 'america.api.riotgames.com' ([Errno 11001] getaddrinfo failed)"))
2026-07-04 19:06:28,525 INFO   [2/3] получаем матчи для ZX1VZbc3hG7r...
2026-07-04 19:06:28,528 WARNING   \u26a0 Ошибка для ZX1VZbc3hG7r: HTTPSConnectionPool(host='america.api.riotgames.com', port=443): Max retries exceeded with url: /lol/match/v5/matches/by-puuid/ZX1VZbc3hG7rGY5ZMVvFZw9RPWKf-Cy9m5EV0Uh1q3ZLDco7zoXafpPfVVMEUgde-k3M8q3mB5X4hA/ids?start=0&count=2 (Caused by NameResolutionError("<urllib3.connection.HTTPSConnection object at 0x00000159379879D0>: Failed to resolve 'america.api.riotgames.com' ([Errno 11001] getaddrinfo failed)"))
2026-07-04 19:06:28,528 INFO   [3/3] получаем матчи для QM_mPVj4UTRR...
2026-07-04 19:06:28,531 WARNING   \u26a0 Ошибка для QM_mPVj4UTRR: HTTPSConnectionPool(host='america.api.riotgames.com', port=443): Max retries exceeded with url: /lol/match/v5/matches/by-puuid/QM_mPVj4UTRRqpZjMZHECLJJeithYh7kITF0vc_9_e0cDPsgQ1QV7YLMlHjEAX-f0jBMg9nIftkWPw/ids?start=0&count=2 (Caused by NameResolutionError("<urllib3.connection.HTTPSConnection object at 0x0000015937A402D0>: Failed to resolve 'america.api.riotgames.com' ([Errno 11001] getaddrinfo failed)"))
2026-07-04 19:06:28,531 INFO Загружено матчей: 0
2026-07-04 19:06:28,531 INFO 
[2/3] TRANSFORM — разбиваем на таблицы
2026-07-04 19:06:28,534 INFO Игроков:    0
2026-07-04 19:06:28,534 INFO Матчей:     0
2026-07-04 19:06:28,534 INFO Участников: 0
2026-07-04 19:06:28,534 INFO 
[3/3] LOAD — сохраняем данные
2026-07-04 19:06:28,534 INFO 
  \u2192 CSV в 'lol_output_america_la2/'
2026-07-04 19:06:28,544 INFO   players.csv      — 0 строк,путь к файлу:lol_output_america_la2
2026-07-04 19:06:28,544 INFO   matches.csv      — 0 строк,путь к файлу:lol_output_america_la2
2026-07-04 19:06:28,544 INFO   participants.csv — 0 строк,путь к файлу:lol_output_america_la2
2026-07-04 19:06:28,545 INFO Данные собираем для региона: europe:euw1
2026-07-04 19:06:29,779 INFO   [1/3] получаем матчи для XXlD9Fv1Qg9G...
2026-07-04 19:06:30,849 INFO   [2/3] получаем матчи для UAPqgAeHaB9G...
2026-07-04 19:06:31,693 INFO   [3/3] получаем матчи для iD13AZGA5VO2...
2026-07-04 19:06:32,522 INFO   [1/6] загружаем матч EUW1_7908464521...
2026-07-04 19:06:33,572 INFO   [2/6] загружаем матч EUW1_7908427333...
2026-07-04 19:06:34,487 INFO   [3/6] загружаем матч EUW1_7903341045...
2026-07-04 19:06:35,408 INFO   [4/6] загружаем матч EUW1_7903290156...
2026-07-04 19:06:36,352 INFO   [5/6] загружаем матч EUW1_7898064872...
2026-07-04 19:06:37,440 INFO   [6/6] загружаем матч EUW1_7897980110...
2026-07-04 19:06:39,308 INFO Загружено матчей: 6
2026-07-04 19:06:39,308 INFO 
[2/3] TRANSFORM — разбиваем на таблицы
2026-07-04 19:06:39,314 INFO Игроков:    50
2026-07-04 19:06:39,315 INFO Матчей:     6
2026-07-04 19:06:39,315 INFO Участников: 60
2026-07-04 19:06:39,315 INFO 
[3/3] LOAD — сохраняем данные
2026-07-04 19:06:39,315 INFO 
  \u2192 CSV в 'lol_output_europe_euw1/'
2026-07-04 19:06:39,325 INFO   players.csv      — 50 строк,путь к файлу:lol_output_europe_euw1
2026-07-04 19:06:39,325 INFO   matches.csv      — 6 строк,путь к файлу:lol_output_europe_euw1
2026-07-04 19:06:39,326 INFO   participants.csv — 60 строк,путь к файлу:lol_output_europe_euw1
2026-07-04 19:06:39,326 INFO Данные собираем для региона: europe:eun1
2026-07-04 19:06:41,045 INFO   [1/3] получаем матчи для DFSnpD99FHKq...
2026-07-04 19:06:41,922 INFO   [2/3] получаем матчи для F4lxIMRpmr_A...
2026-07-04 19:06:43,070 INFO   [3/3] получаем матчи для mk5w5DiNX-mw...
2026-07-04 19:06:44,010 INFO   [1/6] загружаем матч EUN1_3973549702...
2026-07-04 19:06:44,902 INFO   [2/6] загружаем матч EUN1_3973448935...
2026-07-04 19:06:45,960 INFO   [3/6] загружаем матч EUN1_3973116568...
2026-07-04 19:06:46,926 INFO   [4/6] загружаем матч EUN1_3973090564...
2026-07-04 19:06:48,027 INFO   [5/6] загружаем матч EUN1_3973434953...
2026-07-04 19:06:49,030 INFO   [6/6] загружаем матч EUN1_3973430869...
2026-07-04 19:06:50,479 INFO Загружено матчей: 6
2026-07-04 19:06:50,479 INFO 
[2/3] TRANSFORM — разбиваем на таблицы
2026-07-04 19:06:50,484 INFO Игроков:    54
2026-07-04 19:06:50,484 INFO Матчей:     6
2026-07-04 19:06:50,484 INFO Участников: 60
2026-07-04 19:06:50,484 INFO 
[3/3] LOAD — сохраняем данные
2026-07-04 19:06:50,484 INFO 
  \u2192 CSV в 'lol_output_europe_eun1/'
2026-07-04 19:06:50,494 INFO   players.csv      — 54 строк,путь к файлу:lol_output_europe_eun1
2026-07-04 19:06:50,494 INFO   matches.csv      — 6 строк,путь к файлу:lol_output_europe_eun1
2026-07-04 19:06:50,494 INFO   participants.csv — 60 строк,путь к файлу:lol_output_europe_eun1
2026-07-04 19:06:50,495 INFO Данные собираем для региона: europe:ru
2026-07-04 19:06:52,217 INFO   [1/3] получаем матчи для S4BJMWPsiYa1...
2026-07-04 19:06:53,842 INFO   [2/3] получаем матчи для U-8i9MUnXix1...
2026-07-04 19:06:55,400 INFO   [3/3] получаем матчи для 9BqqOlDPXHJ6...
2026-07-04 19:06:56,890 INFO   [1/6] загружаем матч RU_563759428...
2026-07-04 19:06:58,383 INFO   [2/6] загружаем матч RU_563703241...
2026-07-04 19:07:00,063 INFO   [3/6] загружаем матч RU_563749822...
2026-07-04 19:07:01,581 INFO   [4/6] загружаем матч RU_563749154...
2026-07-04 19:07:03,144 INFO   [5/6] загружаем матч RU_562836428...
2026-07-04 19:07:05,014 INFO   [6/6] загружаем матч RU_562832434...
2026-07-04 19:07:06,475 INFO Загружено матчей: 6
2026-07-04 19:07:06,475 INFO 
[2/3] TRANSFORM — разбиваем на таблицы
2026-07-04 19:07:06,485 INFO Игроков:    56
2026-07-04 19:07:06,486 INFO Матчей:     6
2026-07-04 19:07:06,486 INFO Участников: 60
2026-07-04 19:07:06,487 INFO 
[3/3] LOAD — сохраняем данные
2026-07-04 19:07:06,487 INFO 
  \u2192 CSV в 'lol_output_europe_ru/'
2026-07-04 19:07:06,505 INFO   players.csv      — 56 строк,путь к файлу:lol_output_europe_ru
2026-07-04 19:07:06,505 INFO   matches.csv      — 6 строк,путь к файлу:lol_output_europe_ru
2026-07-04 19:07:06,506 INFO   participants.csv — 60 строк,путь к файлу:lol_output_europe_ru
2026-07-04 19:07:06,506 INFO Данные собираем для региона: europe:tr
